2017-04-30 06:38:19,142 [ModalContext] INFO  o.e.m.c.i.e.AbstractTransferListenerAdapter - Downloading https://repo.maven.apache.org/maven2/org/apache/maven/archetypes/maven-archetype-webapp/1.0/maven-archetype-webapp-1.0.jar
2017-04-30 06:38:20,322 [ModalContext] INFO  o.e.m.c.i.e.AbstractTransferListenerAdapter - Downloaded https://repo.maven.apache.org/maven2/org/apache/maven/archetypes/maven-archetype-webapp/1.0/maven-archetype-webapp-1.0.jar
2017-04-30 06:38:20,713 [ModalContext] INFO  o.e.m.c.i.e.AbstractTransferListenerAdapter - Downloading https://repo.maven.apache.org/maven2/org/apache/maven/archetypes/maven-archetype-webapp/1.0/maven-archetype-webapp-1.0.pom
2017-04-30 06:38:21,634 [ModalContext] INFO  o.e.m.c.i.e.AbstractTransferListenerAdapter - Downloaded https://repo.maven.apache.org/maven2/org/apache/maven/archetypes/maven-archetype-webapp/1.0/maven-archetype-webapp-1.0.pom
2017-04-30 06:39:20,889 [Worker-23] INFO  o.e.m.c.i.p.ProjectConfigurationManager - Collecting project info '/pom.xml' D:\Customer\CustomerBackEnd\pom.xml
2017-04-30 06:39:36,195 [Worker-23] INFO  o.e.m.c.i.e.AbstractTransferListenerAdapter - Downloading https://repo.maven.apache.org/maven2/org/apache/maven/plugins/maven-deploy-plugin/2.7/maven-deploy-plugin-2.7.jar
2017-04-30 06:39:37,497 [Worker-23] INFO  o.e.m.c.i.e.AbstractTransferListenerAdapter - Downloaded https://repo.maven.apache.org/maven2/org/apache/maven/plugins/maven-deploy-plugin/2.7/maven-deploy-plugin-2.7.jar
2017-04-30 06:39:39,628 [Worker-23] INFO  o.e.m.c.i.e.AbstractTransferListenerAdapter - Downloading https://repo.maven.apache.org/maven2/org/apache/maven/plugins/maven-site-plugin/3.3/maven-site-plugin-3.3.jar
2017-04-30 06:39:45,678 [Worker-23] INFO  o.e.m.c.i.e.AbstractTransferListenerAdapter - Downloaded https://repo.maven.apache.org/maven2/org/apache/maven/plugins/maven-site-plugin/3.3/maven-site-plugin-3.3.jar
2017-04-30 06:40:07,161 [Worker-23] INFO  o.e.m.c.i.l.LifecycleMappingFactory - Using org.maven.ide.eclipse.wtp.WarLifecycleMapping lifecycle mapping for MavenProject: com.niit:CustomerBackEnd:0.0.1-SNAPSHOT @ D:\Customer\CustomerBackEnd\pom.xml.
2017-04-30 06:40:14,979 [Worker-23] INFO  o.e.m.j.i.AbstractJavaProjectConfigurator - Adding source folder /CustomerBackEnd/src/main/java
2017-04-30 06:40:14,981 [Worker-23] INFO  o.e.m.j.i.AbstractJavaProjectConfigurator - Adding resource folder /CustomerBackEnd/src/main/resources
2017-04-30 06:40:14,982 [Worker-23] INFO  o.e.m.j.i.AbstractJavaProjectConfigurator - Adding source folder /CustomerBackEnd/src/test/java
2017-04-30 06:40:31,905 [Worker-23] INFO  o.e.m.c.i.p.ProjectConfigurationManager - Imported and configured 1 project(s) in 71 sec
2017-04-30 06:40:38,442 [Worker-23] WARN  o.e.m.c.i.embedder.EclipseLogger - Using platform encoding (Cp1252 actually) to copy filtered resources, i.e. build is platform dependent!
2017-04-30 06:40:38,512 [Worker-23] INFO  o.e.m.c.i.embedder.EclipseLogger - Copying 0 resource
2017-04-30 06:40:38,515 [Worker-23] WARN  o.e.m.c.i.embedder.EclipseLogger - Using platform encoding (Cp1252 actually) to copy filtered resources, i.e. build is platform dependent!
2017-04-30 06:40:38,522 [Worker-23] INFO  o.e.m.c.i.embedder.EclipseLogger - skip non existing resourceDirectory D:\Customer\CustomerBackEnd\src\test\resources
2017-04-30 19:13:33,620 [Worker-7] INFO  o.e.m.c.i.l.LifecycleMappingFactory - Using org.maven.ide.eclipse.wtp.WarLifecycleMapping lifecycle mapping for MavenProject: com.niit:CustomerBackEnd:0.0.1-SNAPSHOT @ D:\Customer\CustomerBackEnd\pom.xml.
2017-04-30 19:13:33,619 [Worker-5] INFO  o.e.m.c.i.l.LifecycleMappingFactory - Using org.maven.ide.eclipse.wtp.WarLifecycleMapping lifecycle mapping for MavenProject: com.niit:CustomerBackEnd:0.0.1-SNAPSHOT @ D:\Customer\CustomerBackEnd\pom.xml.
2017-04-30 19:13:48,703 [Worker-5] WARN  o.e.m.c.i.embedder.EclipseLogger - Using platform encoding (Cp1252 actually) to copy filtered resources, i.e. build is platform dependent!
2017-04-30 19:13:49,258 [Worker-5] INFO  o.e.m.c.i.embedder.EclipseLogger - Copying 0 resource
2017-04-30 19:13:50,282 [Worker-5] WARN  o.e.m.c.i.embedder.EclipseLogger - Using platform encoding (Cp1252 actually) to copy filtered resources, i.e. build is platform dependent!
2017-04-30 19:13:50,289 [Worker-8] INFO  o.e.m.c.i.l.LifecycleMappingFactory - Using org.maven.ide.eclipse.wtp.WarLifecycleMapping lifecycle mapping for MavenProject: com.niit:CustomerBackEnd:0.0.1-SNAPSHOT @ D:\Customer\CustomerBackEnd\pom.xml.
2017-04-30 19:13:50,303 [Worker-5] INFO  o.e.m.c.i.embedder.EclipseLogger - skip non existing resourceDirectory D:\Customer\CustomerBackEnd\src\test\resources
2017-04-30 19:13:52,121 [Worker-4] WARN  o.e.m.c.i.embedder.EclipseLogger - Using platform encoding (Cp1252 actually) to copy filtered resources, i.e. build is platform dependent!
2017-04-30 19:13:52,154 [Worker-4] INFO  o.e.m.c.i.embedder.EclipseLogger - Copying 0 resource
2017-04-30 19:13:52,156 [Worker-4] WARN  o.e.m.c.i.embedder.EclipseLogger - Using platform encoding (Cp1252 actually) to copy filtered resources, i.e. build is platform dependent!
2017-04-30 19:13:52,166 [Worker-4] INFO  o.e.m.c.i.embedder.EclipseLogger - skip non existing resourceDirectory D:\Customer\CustomerBackEnd\src\test\resources
2017-04-30 19:15:25,062 [Worker-5] INFO  o.e.m.c.i.l.LifecycleMappingFactory - Using org.maven.ide.eclipse.wtp.WarLifecycleMapping lifecycle mapping for MavenProject: com.niit:CustomerBackEnd:0.0.1-SNAPSHOT @ D:\Customer\CustomerBackEnd\pom.xml.
2017-04-30 19:15:26,461 [Worker-5] WARN  o.e.m.c.i.embedder.EclipseLogger - Using platform encoding (Cp1252 actually) to copy filtered resources, i.e. build is platform dependent!
2017-04-30 19:15:26,476 [Worker-5] INFO  o.e.m.c.i.embedder.EclipseLogger - Copying 0 resource
2017-04-30 19:15:26,480 [Worker-5] WARN  o.e.m.c.i.embedder.EclipseLogger - Using platform encoding (Cp1252 actually) to copy filtered resources, i.e. build is platform dependent!
2017-04-30 19:15:26,489 [Worker-5] INFO  o.e.m.c.i.embedder.EclipseLogger - skip non existing resourceDirectory D:\Customer\CustomerBackEnd\src\test\resources
2017-04-30 19:15:26,489 [Worker-5] INFO  o.e.m.w.i.f.ResourceFilteringBuildParticipant - Changed resources require a complete clean of filtered resources of CustomerBackEnd
2017-04-30 19:15:26,491 [Worker-5] INFO  o.e.m.w.i.f.ResourceFilteringBuildParticipant - Executing resource filtering for CustomerBackEnd
2017-04-30 19:15:26,500 [Worker-5] WARN  o.e.m.c.i.embedder.EclipseLogger - Using platform encoding (Cp1252 actually) to copy filtered resources, i.e. build is platform dependent!
2017-04-30 19:15:27,805 [Worker-18] WARN  o.e.m.c.i.embedder.EclipseLogger - Using platform encoding (Cp1252 actually) to copy filtered resources, i.e. build is platform dependent!
2017-04-30 19:15:27,826 [Worker-18] INFO  o.e.m.c.i.embedder.EclipseLogger - Copying 0 resource
2017-04-30 19:15:27,830 [Worker-18] WARN  o.e.m.c.i.embedder.EclipseLogger - Using platform encoding (Cp1252 actually) to copy filtered resources, i.e. build is platform dependent!
2017-04-30 19:15:27,852 [Worker-18] INFO  o.e.m.c.i.embedder.EclipseLogger - skip non existing resourceDirectory D:\Customer\CustomerBackEnd\src\test\resources
2017-04-30 19:16:54,924 [Worker-17] INFO  o.e.m.c.i.l.LifecycleMappingFactory - Using org.maven.ide.eclipse.wtp.WarLifecycleMapping lifecycle mapping for MavenProject: com.niit:CustomerBackEnd:0.0.1-SNAPSHOT @ D:\Customer\CustomerBackEnd\pom.xml.
2017-04-30 19:17:00,487 [Worker-17] WARN  o.e.m.c.i.embedder.EclipseLogger - Using platform encoding (Cp1252 actually) to copy filtered resources, i.e. build is platform dependent!
2017-04-30 19:17:00,497 [Worker-17] INFO  o.e.m.c.i.embedder.EclipseLogger - Copying 0 resource
2017-04-30 19:17:00,500 [Worker-17] WARN  o.e.m.c.i.embedder.EclipseLogger - Using platform encoding (Cp1252 actually) to copy filtered resources, i.e. build is platform dependent!
2017-04-30 19:17:00,509 [Worker-17] INFO  o.e.m.c.i.embedder.EclipseLogger - skip non existing resourceDirectory D:\Customer\CustomerBackEnd\src\test\resources
2017-04-30 19:17:00,510 [Worker-17] INFO  o.e.m.w.i.f.ResourceFilteringBuildParticipant - Changed resources require a complete clean of filtered resources of CustomerBackEnd
2017-04-30 19:17:00,510 [Worker-17] INFO  o.e.m.w.i.f.ResourceFilteringBuildParticipant - Executing resource filtering for CustomerBackEnd
2017-04-30 19:17:00,517 [Worker-17] WARN  o.e.m.c.i.embedder.EclipseLogger - Using platform encoding (Cp1252 actually) to copy filtered resources, i.e. build is platform dependent!
2017-04-30 19:17:02,054 [Worker-14] WARN  o.e.m.c.i.embedder.EclipseLogger - Using platform encoding (Cp1252 actually) to copy filtered resources, i.e. build is platform dependent!
2017-04-30 19:17:02,080 [Worker-14] INFO  o.e.m.c.i.embedder.EclipseLogger - Copying 0 resource
2017-04-30 19:17:02,084 [Worker-14] WARN  o.e.m.c.i.embedder.EclipseLogger - Using platform encoding (Cp1252 actually) to copy filtered resources, i.e. build is platform dependent!
2017-04-30 19:17:02,100 [Worker-14] INFO  o.e.m.c.i.embedder.EclipseLogger - skip non existing resourceDirectory D:\Customer\CustomerBackEnd\src\test\resources
2017-04-30 19:18:34,136 [Worker-7] INFO  o.e.m.c.i.l.LifecycleMappingFactory - Using org.maven.ide.eclipse.wtp.WarLifecycleMapping lifecycle mapping for MavenProject: com.niit:CustomerBackEnd:0.0.1-SNAPSHOT @ D:\Customer\CustomerBackEnd\pom.xml.
2017-04-30 19:18:35,516 [Worker-7] WARN  o.e.m.c.i.embedder.EclipseLogger - Using platform encoding (Cp1252 actually) to copy filtered resources, i.e. build is platform dependent!
2017-04-30 19:18:35,528 [Worker-7] INFO  o.e.m.c.i.embedder.EclipseLogger - Copying 0 resource
2017-04-30 19:18:35,532 [Worker-7] WARN  o.e.m.c.i.embedder.EclipseLogger - Using platform encoding (Cp1252 actually) to copy filtered resources, i.e. build is platform dependent!
2017-04-30 19:18:35,540 [Worker-7] INFO  o.e.m.c.i.embedder.EclipseLogger - skip non existing resourceDirectory D:\Customer\CustomerBackEnd\src\test\resources
2017-04-30 19:18:35,541 [Worker-7] INFO  o.e.m.w.i.f.ResourceFilteringBuildParticipant - Changed resources require a complete clean of filtered resources of CustomerBackEnd
2017-04-30 19:18:35,541 [Worker-7] INFO  o.e.m.w.i.f.ResourceFilteringBuildParticipant - Executing resource filtering for CustomerBackEnd
2017-04-30 19:18:35,547 [Worker-7] WARN  o.e.m.c.i.embedder.EclipseLogger - Using platform encoding (Cp1252 actually) to copy filtered resources, i.e. build is platform dependent!
2017-04-30 19:18:49,271 [Worker-14] WARN  o.e.m.c.i.embedder.EclipseLogger - Using platform encoding (Cp1252 actually) to copy filtered resources, i.e. build is platform dependent!
2017-04-30 19:18:49,289 [Worker-14] INFO  o.e.m.c.i.embedder.EclipseLogger - Copying 0 resource
2017-04-30 19:18:49,297 [Worker-14] WARN  o.e.m.c.i.embedder.EclipseLogger - Using platform encoding (Cp1252 actually) to copy filtered resources, i.e. build is platform dependent!
2017-04-30 19:18:49,315 [Worker-14] INFO  o.e.m.c.i.embedder.EclipseLogger - skip non existing resourceDirectory D:\Customer\CustomerBackEnd\src\test\resources
2017-04-30 19:20:10,125 [Worker-2] WARN  o.e.m.c.i.embedder.EclipseLogger - Using platform encoding (Cp1252 actually) to copy filtered resources, i.e. build is platform dependent!
2017-04-30 19:20:10,155 [Worker-2] INFO  o.e.m.c.i.embedder.EclipseLogger - Copying 0 resource
2017-04-30 19:20:10,158 [Worker-2] WARN  o.e.m.c.i.embedder.EclipseLogger - Using platform encoding (Cp1252 actually) to copy filtered resources, i.e. build is platform dependent!
2017-04-30 19:20:10,174 [Worker-2] INFO  o.e.m.c.i.embedder.EclipseLogger - skip non existing resourceDirectory D:\Customer\CustomerBackEnd\src\test\resources
2017-04-30 19:20:26,429 [Worker-7] WARN  o.e.m.c.i.embedder.EclipseLogger - Using platform encoding (Cp1252 actually) to copy filtered resources, i.e. build is platform dependent!
2017-04-30 19:20:26,509 [Worker-7] INFO  o.e.m.c.i.embedder.EclipseLogger - Copying 0 resource
2017-04-30 19:20:26,512 [Worker-7] WARN  o.e.m.c.i.embedder.EclipseLogger - Using platform encoding (Cp1252 actually) to copy filtered resources, i.e. build is platform dependent!
2017-04-30 19:20:26,527 [Worker-7] INFO  o.e.m.c.i.embedder.EclipseLogger - skip non existing resourceDirectory D:\Customer\CustomerBackEnd\src\test\resources
2017-04-30 19:20:49,378 [Worker-2] WARN  o.e.m.c.i.embedder.EclipseLogger - Using platform encoding (Cp1252 actually) to copy filtered resources, i.e. build is platform dependent!
2017-04-30 19:20:49,400 [Worker-2] INFO  o.e.m.c.i.embedder.EclipseLogger - Copying 0 resource
2017-04-30 19:20:49,404 [Worker-2] WARN  o.e.m.c.i.embedder.EclipseLogger - Using platform encoding (Cp1252 actually) to copy filtered resources, i.e. build is platform dependent!
2017-04-30 19:20:49,435 [Worker-2] INFO  o.e.m.c.i.embedder.EclipseLogger - skip non existing resourceDirectory D:\Customer\CustomerBackEnd\src\test\resources
2017-04-30 19:22:47,127 [Worker-2] WARN  o.e.m.c.i.embedder.EclipseLogger - Using platform encoding (Cp1252 actually) to copy filtered resources, i.e. build is platform dependent!
2017-04-30 19:22:47,152 [Worker-2] INFO  o.e.m.c.i.embedder.EclipseLogger - Copying 0 resource
2017-04-30 19:22:47,157 [Worker-2] WARN  o.e.m.c.i.embedder.EclipseLogger - Using platform encoding (Cp1252 actually) to copy filtered resources, i.e. build is platform dependent!
2017-04-30 19:22:47,172 [Worker-2] INFO  o.e.m.c.i.embedder.EclipseLogger - skip non existing resourceDirectory D:\Customer\CustomerBackEnd\src\test\resources
2017-04-30 19:23:08,599 [Worker-18] WARN  o.e.m.c.i.embedder.EclipseLogger - Using platform encoding (Cp1252 actually) to copy filtered resources, i.e. build is platform dependent!
2017-04-30 19:23:08,617 [Worker-18] INFO  o.e.m.c.i.embedder.EclipseLogger - Copying 0 resource
2017-04-30 19:23:08,621 [Worker-18] WARN  o.e.m.c.i.embedder.EclipseLogger - Using platform encoding (Cp1252 actually) to copy filtered resources, i.e. build is platform dependent!
2017-04-30 19:23:08,638 [Worker-18] INFO  o.e.m.c.i.embedder.EclipseLogger - skip non existing resourceDirectory D:\Customer\CustomerBackEnd\src\test\resources
2017-04-30 19:25:26,859 [Worker-21] WARN  o.e.m.c.i.embedder.EclipseLogger - Using platform encoding (Cp1252 actually) to copy filtered resources, i.e. build is platform dependent!
2017-04-30 19:25:26,888 [Worker-21] INFO  o.e.m.c.i.embedder.EclipseLogger - Copying 0 resource
2017-04-30 19:25:26,893 [Worker-21] WARN  o.e.m.c.i.embedder.EclipseLogger - Using platform encoding (Cp1252 actually) to copy filtered resources, i.e. build is platform dependent!
2017-04-30 19:25:26,915 [Worker-21] INFO  o.e.m.c.i.embedder.EclipseLogger - skip non existing resourceDirectory D:\Customer\CustomerBackEnd\src\test\resources
2017-04-30 19:26:09,202 [Worker-21] WARN  o.e.m.c.i.embedder.EclipseLogger - Using platform encoding (Cp1252 actually) to copy filtered resources, i.e. build is platform dependent!
2017-04-30 19:26:09,214 [Worker-21] INFO  o.e.m.c.i.embedder.EclipseLogger - Copying 0 resource
2017-04-30 19:26:09,217 [Worker-21] WARN  o.e.m.c.i.embedder.EclipseLogger - Using platform encoding (Cp1252 actually) to copy filtered resources, i.e. build is platform dependent!
2017-04-30 19:26:09,235 [Worker-21] INFO  o.e.m.c.i.embedder.EclipseLogger - skip non existing resourceDirectory D:\Customer\CustomerBackEnd\src\test\resources
2017-04-30 19:29:30,406 [Worker-7] WARN  o.e.m.c.i.embedder.EclipseLogger - Using platform encoding (Cp1252 actually) to copy filtered resources, i.e. build is platform dependent!
2017-04-30 19:29:30,427 [Worker-7] INFO  o.e.m.c.i.embedder.EclipseLogger - Copying 0 resource
2017-04-30 19:29:30,432 [Worker-7] WARN  o.e.m.c.i.embedder.EclipseLogger - Using platform encoding (Cp1252 actually) to copy filtered resources, i.e. build is platform dependent!
2017-04-30 19:29:30,454 [Worker-7] INFO  o.e.m.c.i.embedder.EclipseLogger - skip non existing resourceDirectory D:\Customer\CustomerBackEnd\src\test\resources
2017-04-30 19:29:32,644 [Worker-26] WARN  o.e.m.c.i.embedder.EclipseLogger - Using platform encoding (Cp1252 actually) to copy filtered resources, i.e. build is platform dependent!
2017-04-30 19:29:32,664 [Worker-26] INFO  o.e.m.c.i.embedder.EclipseLogger - Copying 0 resource
2017-04-30 19:29:32,668 [Worker-26] WARN  o.e.m.c.i.embedder.EclipseLogger - Using platform encoding (Cp1252 actually) to copy filtered resources, i.e. build is platform dependent!
2017-04-30 19:29:32,694 [Worker-26] INFO  o.e.m.c.i.embedder.EclipseLogger - skip non existing resourceDirectory D:\Customer\CustomerBackEnd\src\test\resources
2017-04-30 19:30:32,834 [Worker-27] WARN  o.e.m.c.i.embedder.EclipseLogger - Using platform encoding (Cp1252 actually) to copy filtered resources, i.e. build is platform dependent!
2017-04-30 19:30:32,864 [Worker-27] INFO  o.e.m.c.i.embedder.EclipseLogger - Copying 0 resource
2017-04-30 19:30:32,867 [Worker-27] WARN  o.e.m.c.i.embedder.EclipseLogger - Using platform encoding (Cp1252 actually) to copy filtered resources, i.e. build is platform dependent!
2017-04-30 19:30:32,890 [Worker-27] INFO  o.e.m.c.i.embedder.EclipseLogger - skip non existing resourceDirectory D:\Customer\CustomerBackEnd\src\test\resources
2017-04-30 19:32:01,011 [Worker-26] WARN  o.e.m.c.i.embedder.EclipseLogger - Using platform encoding (Cp1252 actually) to copy filtered resources, i.e. build is platform dependent!
2017-04-30 19:32:01,033 [Worker-26] INFO  o.e.m.c.i.embedder.EclipseLogger - Copying 0 resource
2017-04-30 19:32:01,037 [Worker-26] WARN  o.e.m.c.i.embedder.EclipseLogger - Using platform encoding (Cp1252 actually) to copy filtered resources, i.e. build is platform dependent!
2017-04-30 19:32:01,056 [Worker-26] INFO  o.e.m.c.i.embedder.EclipseLogger - skip non existing resourceDirectory D:\Customer\CustomerBackEnd\src\test\resources
2017-04-30 19:32:45,869 [Worker-26] WARN  o.e.m.c.i.embedder.EclipseLogger - Using platform encoding (Cp1252 actually) to copy filtered resources, i.e. build is platform dependent!
2017-04-30 19:32:45,887 [Worker-26] INFO  o.e.m.c.i.embedder.EclipseLogger - Copying 0 resource
2017-04-30 19:32:45,890 [Worker-26] WARN  o.e.m.c.i.embedder.EclipseLogger - Using platform encoding (Cp1252 actually) to copy filtered resources, i.e. build is platform dependent!
2017-04-30 19:32:45,904 [Worker-26] INFO  o.e.m.c.i.embedder.EclipseLogger - skip non existing resourceDirectory D:\Customer\CustomerBackEnd\src\test\resources
2017-04-30 19:34:05,109 [Worker-25] WARN  o.e.m.c.i.embedder.EclipseLogger - Using platform encoding (Cp1252 actually) to copy filtered resources, i.e. build is platform dependent!
2017-04-30 19:34:05,125 [Worker-25] INFO  o.e.m.c.i.embedder.EclipseLogger - Copying 0 resource
2017-04-30 19:34:05,129 [Worker-25] WARN  o.e.m.c.i.embedder.EclipseLogger - Using platform encoding (Cp1252 actually) to copy filtered resources, i.e. build is platform dependent!
2017-04-30 19:34:05,144 [Worker-25] INFO  o.e.m.c.i.embedder.EclipseLogger - skip non existing resourceDirectory D:\Customer\CustomerBackEnd\src\test\resources
2017-04-30 19:34:44,034 [Worker-28] WARN  o.e.m.c.i.embedder.EclipseLogger - Using platform encoding (Cp1252 actually) to copy filtered resources, i.e. build is platform dependent!
2017-04-30 19:34:44,071 [Worker-28] INFO  o.e.m.c.i.embedder.EclipseLogger - Copying 0 resource
2017-04-30 19:34:44,077 [Worker-28] WARN  o.e.m.c.i.embedder.EclipseLogger - Using platform encoding (Cp1252 actually) to copy filtered resources, i.e. build is platform dependent!
2017-04-30 19:34:44,105 [Worker-28] INFO  o.e.m.c.i.embedder.EclipseLogger - skip non existing resourceDirectory D:\Customer\CustomerBackEnd\src\test\resources
2017-04-30 19:36:00,954 [Worker-7] WARN  o.e.m.c.i.embedder.EclipseLogger - Using platform encoding (Cp1252 actually) to copy filtered resources, i.e. build is platform dependent!
2017-04-30 19:36:00,980 [Worker-7] INFO  o.e.m.c.i.embedder.EclipseLogger - Copying 0 resource
2017-04-30 19:36:00,983 [Worker-7] WARN  o.e.m.c.i.embedder.EclipseLogger - Using platform encoding (Cp1252 actually) to copy filtered resources, i.e. build is platform dependent!
2017-04-30 19:36:00,996 [Worker-7] INFO  o.e.m.c.i.embedder.EclipseLogger - skip non existing resourceDirectory D:\Customer\CustomerBackEnd\src\test\resources
2017-04-30 19:37:57,313 [Worker-26] INFO  o.e.m.c.i.l.LifecycleMappingFactory - Using org.maven.ide.eclipse.wtp.WarLifecycleMapping lifecycle mapping for MavenProject: com.niit:CustomerBackEnd:0.0.1-SNAPSHOT @ D:\Customer\CustomerBackEnd\pom.xml.
2017-04-30 19:38:03,268 [Worker-26] WARN  o.e.m.c.i.embedder.EclipseLogger - Using platform encoding (Cp1252 actually) to copy filtered resources, i.e. build is platform dependent!
2017-04-30 19:38:03,332 [Worker-26] INFO  o.e.m.c.i.embedder.EclipseLogger - Copying 0 resource
2017-04-30 19:38:03,336 [Worker-26] WARN  o.e.m.c.i.embedder.EclipseLogger - Using platform encoding (Cp1252 actually) to copy filtered resources, i.e. build is platform dependent!
2017-04-30 19:38:03,370 [Worker-26] INFO  o.e.m.c.i.embedder.EclipseLogger - skip non existing resourceDirectory D:\Customer\CustomerBackEnd\src\test\resources
2017-04-30 19:38:03,372 [Worker-26] INFO  o.e.m.w.i.f.ResourceFilteringBuildParticipant - Changed resources require a complete clean of filtered resources of CustomerBackEnd
2017-04-30 19:38:03,373 [Worker-26] INFO  o.e.m.w.i.f.ResourceFilteringBuildParticipant - Executing resource filtering for CustomerBackEnd
2017-04-30 19:38:03,389 [Worker-26] WARN  o.e.m.c.i.embedder.EclipseLogger - Using platform encoding (Cp1252 actually) to copy filtered resources, i.e. build is platform dependent!
2017-04-30 19:38:04,510 [Worker-35] WARN  o.e.m.c.i.embedder.EclipseLogger - Using platform encoding (Cp1252 actually) to copy filtered resources, i.e. build is platform dependent!
2017-04-30 19:38:04,535 [Worker-35] INFO  o.e.m.c.i.embedder.EclipseLogger - Copying 0 resource
2017-04-30 19:38:04,541 [Worker-35] WARN  o.e.m.c.i.embedder.EclipseLogger - Using platform encoding (Cp1252 actually) to copy filtered resources, i.e. build is platform dependent!
2017-04-30 19:38:04,559 [Worker-35] INFO  o.e.m.c.i.embedder.EclipseLogger - skip non existing resourceDirectory D:\Customer\CustomerBackEnd\src\test\resources
2017-04-30 19:39:09,715 [Worker-26] WARN  o.e.m.c.i.embedder.EclipseLogger - Using platform encoding (Cp1252 actually) to copy filtered resources, i.e. build is platform dependent!
2017-04-30 19:39:09,748 [Worker-26] INFO  o.e.m.c.i.embedder.EclipseLogger - Copying 0 resource
2017-04-30 19:39:09,750 [Worker-26] WARN  o.e.m.c.i.embedder.EclipseLogger - Using platform encoding (Cp1252 actually) to copy filtered resources, i.e. build is platform dependent!
2017-04-30 19:39:09,821 [Worker-26] INFO  o.e.m.c.i.embedder.EclipseLogger - skip non existing resourceDirectory D:\Customer\CustomerBackEnd\src\test\resources
2017-04-30 19:39:24,787 [Worker-29] INFO  o.e.m.c.i.l.LifecycleMappingFactory - Using org.maven.ide.eclipse.wtp.WarLifecycleMapping lifecycle mapping for MavenProject: com.niit:CustomerBackEnd:0.0.1-SNAPSHOT @ D:\Customer\CustomerBackEnd\pom.xml.
2017-04-30 19:39:26,149 [Worker-29] WARN  o.e.m.c.i.embedder.EclipseLogger - Using platform encoding (Cp1252 actually) to copy filtered resources, i.e. build is platform dependent!
2017-04-30 19:39:26,170 [Worker-29] INFO  o.e.m.c.i.embedder.EclipseLogger - Copying 0 resource
2017-04-30 19:39:26,179 [Worker-29] WARN  o.e.m.c.i.embedder.EclipseLogger - Using platform encoding (Cp1252 actually) to copy filtered resources, i.e. build is platform dependent!
2017-04-30 19:39:26,216 [Worker-29] INFO  o.e.m.c.i.embedder.EclipseLogger - skip non existing resourceDirectory D:\Customer\CustomerBackEnd\src\test\resources
2017-04-30 19:39:26,220 [Worker-29] INFO  o.e.m.w.i.f.ResourceFilteringBuildParticipant - Changed resources require a complete clean of filtered resources of CustomerBackEnd
2017-04-30 19:39:26,220 [Worker-29] INFO  o.e.m.w.i.f.ResourceFilteringBuildParticipant - Executing resource filtering for CustomerBackEnd
2017-04-30 19:39:26,234 [Worker-29] WARN  o.e.m.c.i.embedder.EclipseLogger - Using platform encoding (Cp1252 actually) to copy filtered resources, i.e. build is platform dependent!
2017-04-30 19:39:27,289 [Worker-28] WARN  o.e.m.c.i.embedder.EclipseLogger - Using platform encoding (Cp1252 actually) to copy filtered resources, i.e. build is platform dependent!
2017-04-30 19:39:27,300 [Worker-28] INFO  o.e.m.c.i.embedder.EclipseLogger - Copying 0 resource
2017-04-30 19:39:27,303 [Worker-28] WARN  o.e.m.c.i.embedder.EclipseLogger - Using platform encoding (Cp1252 actually) to copy filtered resources, i.e. build is platform dependent!
2017-04-30 19:39:27,311 [Worker-28] INFO  o.e.m.c.i.embedder.EclipseLogger - skip non existing resourceDirectory D:\Customer\CustomerBackEnd\src\test\resources
2017-04-30 19:39:36,500 [Worker-31] INFO  o.e.m.c.i.l.LifecycleMappingFactory - Using org.maven.ide.eclipse.wtp.WarLifecycleMapping lifecycle mapping for MavenProject: com.niit:CustomerBackEnd:0.0.1-SNAPSHOT @ D:\Customer\CustomerBackEnd\pom.xml.
2017-04-30 19:39:37,683 [Worker-31] WARN  o.e.m.c.i.embedder.EclipseLogger - Using platform encoding (Cp1252 actually) to copy filtered resources, i.e. build is platform dependent!
2017-04-30 19:39:37,699 [Worker-31] INFO  o.e.m.c.i.embedder.EclipseLogger - Copying 0 resource
2017-04-30 19:39:37,703 [Worker-31] WARN  o.e.m.c.i.embedder.EclipseLogger - Using platform encoding (Cp1252 actually) to copy filtered resources, i.e. build is platform dependent!
2017-04-30 19:39:37,715 [Worker-31] INFO  o.e.m.c.i.embedder.EclipseLogger - skip non existing resourceDirectory D:\Customer\CustomerBackEnd\src\test\resources
2017-04-30 19:39:37,715 [Worker-31] INFO  o.e.m.w.i.f.ResourceFilteringBuildParticipant - Changed resources require a complete clean of filtered resources of CustomerBackEnd
2017-04-30 19:39:37,715 [Worker-31] INFO  o.e.m.w.i.f.ResourceFilteringBuildParticipant - Executing resource filtering for CustomerBackEnd
2017-04-30 19:39:37,724 [Worker-31] WARN  o.e.m.c.i.embedder.EclipseLogger - Using platform encoding (Cp1252 actually) to copy filtered resources, i.e. build is platform dependent!
2017-04-30 19:39:40,651 [Worker-28] WARN  o.e.m.c.i.embedder.EclipseLogger - Using platform encoding (Cp1252 actually) to copy filtered resources, i.e. build is platform dependent!
2017-04-30 19:39:40,682 [Worker-28] INFO  o.e.m.c.i.embedder.EclipseLogger - Copying 0 resource
2017-04-30 19:39:40,686 [Worker-28] WARN  o.e.m.c.i.embedder.EclipseLogger - Using platform encoding (Cp1252 actually) to copy filtered resources, i.e. build is platform dependent!
2017-04-30 19:39:40,703 [Worker-28] INFO  o.e.m.c.i.embedder.EclipseLogger - skip non existing resourceDirectory D:\Customer\CustomerBackEnd\src\test\resources
2017-04-30 19:41:40,450 [Worker-36] INFO  o.e.m.c.i.l.LifecycleMappingFactory - Using org.maven.ide.eclipse.wtp.WarLifecycleMapping lifecycle mapping for MavenProject: com.niit:CustomerBackEnd:0.0.1-SNAPSHOT @ D:\Customer\CustomerBackEnd\pom.xml.
2017-04-30 19:41:46,345 [Worker-36] WARN  o.e.m.c.i.embedder.EclipseLogger - Using platform encoding (Cp1252 actually) to copy filtered resources, i.e. build is platform dependent!
2017-04-30 19:41:46,367 [Worker-36] INFO  o.e.m.c.i.embedder.EclipseLogger - Copying 0 resource
2017-04-30 19:41:46,373 [Worker-36] WARN  o.e.m.c.i.embedder.EclipseLogger - Using platform encoding (Cp1252 actually) to copy filtered resources, i.e. build is platform dependent!
2017-04-30 19:41:46,396 [Worker-36] INFO  o.e.m.c.i.embedder.EclipseLogger - skip non existing resourceDirectory D:\Customer\CustomerBackEnd\src\test\resources
2017-04-30 19:41:46,397 [Worker-36] INFO  o.e.m.w.i.f.ResourceFilteringBuildParticipant - Changed resources require a complete clean of filtered resources of CustomerBackEnd
2017-04-30 19:41:46,398 [Worker-36] INFO  o.e.m.w.i.f.ResourceFilteringBuildParticipant - Executing resource filtering for CustomerBackEnd
2017-04-30 19:41:46,423 [Worker-36] WARN  o.e.m.c.i.embedder.EclipseLogger - Using platform encoding (Cp1252 actually) to copy filtered resources, i.e. build is platform dependent!
2017-04-30 19:41:47,508 [Worker-35] WARN  o.e.m.c.i.embedder.EclipseLogger - Using platform encoding (Cp1252 actually) to copy filtered resources, i.e. build is platform dependent!
2017-04-30 19:41:47,524 [Worker-35] INFO  o.e.m.c.i.embedder.EclipseLogger - Copying 0 resource
2017-04-30 19:41:47,528 [Worker-35] WARN  o.e.m.c.i.embedder.EclipseLogger - Using platform encoding (Cp1252 actually) to copy filtered resources, i.e. build is platform dependent!
2017-04-30 19:41:47,538 [Worker-35] INFO  o.e.m.c.i.embedder.EclipseLogger - skip non existing resourceDirectory D:\Customer\CustomerBackEnd\src\test\resources
2017-04-30 19:42:17,513 [Worker-31] WARN  o.e.m.c.i.embedder.EclipseLogger - Using platform encoding (Cp1252 actually) to copy filtered resources, i.e. build is platform dependent!
2017-04-30 19:42:17,535 [Worker-31] INFO  o.e.m.c.i.embedder.EclipseLogger - Copying 0 resource
2017-04-30 19:42:17,538 [Worker-31] WARN  o.e.m.c.i.embedder.EclipseLogger - Using platform encoding (Cp1252 actually) to copy filtered resources, i.e. build is platform dependent!
2017-04-30 19:42:17,558 [Worker-31] INFO  o.e.m.c.i.embedder.EclipseLogger - skip non existing resourceDirectory D:\Customer\CustomerBackEnd\src\test\resources
2017-04-30 19:46:48,979 [Worker-36] WARN  o.e.m.c.i.embedder.EclipseLogger - Using platform encoding (Cp1252 actually) to copy filtered resources, i.e. build is platform dependent!
2017-04-30 19:46:48,992 [Worker-36] INFO  o.e.m.c.i.embedder.EclipseLogger - Copying 0 resource
2017-04-30 19:46:48,995 [Worker-36] WARN  o.e.m.c.i.embedder.EclipseLogger - Using platform encoding (Cp1252 actually) to copy filtered resources, i.e. build is platform dependent!
2017-04-30 19:46:49,014 [Worker-36] INFO  o.e.m.c.i.embedder.EclipseLogger - skip non existing resourceDirectory D:\Customer\CustomerBackEnd\src\test\resources
2017-04-30 19:47:45,971 [Worker-36] WARN  o.e.m.c.i.embedder.EclipseLogger - Using platform encoding (Cp1252 actually) to copy filtered resources, i.e. build is platform dependent!
2017-04-30 19:47:45,986 [Worker-36] INFO  o.e.m.c.i.embedder.EclipseLogger - Copying 0 resource
2017-04-30 19:47:45,989 [Worker-36] WARN  o.e.m.c.i.embedder.EclipseLogger - Using platform encoding (Cp1252 actually) to copy filtered resources, i.e. build is platform dependent!
2017-04-30 19:47:46,004 [Worker-36] INFO  o.e.m.c.i.embedder.EclipseLogger - skip non existing resourceDirectory D:\Customer\CustomerBackEnd\src\test\resources
2017-04-30 19:49:17,902 [Worker-36] WARN  o.e.m.c.i.embedder.EclipseLogger - Using platform encoding (Cp1252 actually) to copy filtered resources, i.e. build is platform dependent!
2017-04-30 19:49:17,920 [Worker-36] INFO  o.e.m.c.i.embedder.EclipseLogger - Copying 0 resource
2017-04-30 19:49:17,923 [Worker-36] WARN  o.e.m.c.i.embedder.EclipseLogger - Using platform encoding (Cp1252 actually) to copy filtered resources, i.e. build is platform dependent!
2017-04-30 19:49:17,939 [Worker-36] INFO  o.e.m.c.i.embedder.EclipseLogger - skip non existing resourceDirectory D:\Customer\CustomerBackEnd\src\test\resources
2017-04-30 19:50:47,920 [Worker-36] WARN  o.e.m.c.i.embedder.EclipseLogger - Using platform encoding (Cp1252 actually) to copy filtered resources, i.e. build is platform dependent!
2017-04-30 19:50:47,935 [Worker-36] INFO  o.e.m.c.i.embedder.EclipseLogger - Copying 0 resource
2017-04-30 19:50:47,939 [Worker-36] WARN  o.e.m.c.i.embedder.EclipseLogger - Using platform encoding (Cp1252 actually) to copy filtered resources, i.e. build is platform dependent!
2017-04-30 19:50:47,960 [Worker-36] INFO  o.e.m.c.i.embedder.EclipseLogger - skip non existing resourceDirectory D:\Customer\CustomerBackEnd\src\test\resources
2017-04-30 19:51:23,693 [Worker-40] WARN  o.e.m.c.i.embedder.EclipseLogger - Using platform encoding (Cp1252 actually) to copy filtered resources, i.e. build is platform dependent!
2017-04-30 19:51:23,753 [Worker-40] INFO  o.e.m.c.i.embedder.EclipseLogger - Copying 0 resource
2017-04-30 19:51:23,757 [Worker-40] WARN  o.e.m.c.i.embedder.EclipseLogger - Using platform encoding (Cp1252 actually) to copy filtered resources, i.e. build is platform dependent!
2017-04-30 19:51:23,776 [Worker-40] INFO  o.e.m.c.i.embedder.EclipseLogger - skip non existing resourceDirectory D:\Customer\CustomerBackEnd\src\test\resources
2017-04-30 19:51:50,178 [Worker-40] WARN  o.e.m.c.i.embedder.EclipseLogger - Using platform encoding (Cp1252 actually) to copy filtered resources, i.e. build is platform dependent!
2017-04-30 19:51:50,196 [Worker-40] INFO  o.e.m.c.i.embedder.EclipseLogger - Copying 0 resource
2017-04-30 19:51:50,201 [Worker-40] WARN  o.e.m.c.i.embedder.EclipseLogger - Using platform encoding (Cp1252 actually) to copy filtered resources, i.e. build is platform dependent!
2017-04-30 19:51:50,236 [Worker-40] INFO  o.e.m.c.i.embedder.EclipseLogger - skip non existing resourceDirectory D:\Customer\CustomerBackEnd\src\test\resources
2017-04-30 20:03:05,616 [Worker-38] WARN  o.e.m.c.i.embedder.EclipseLogger - Using platform encoding (Cp1252 actually) to copy filtered resources, i.e. build is platform dependent!
2017-04-30 20:03:05,663 [Worker-38] INFO  o.e.m.c.i.embedder.EclipseLogger - Copying 0 resource
2017-04-30 20:03:05,666 [Worker-38] WARN  o.e.m.c.i.embedder.EclipseLogger - Using platform encoding (Cp1252 actually) to copy filtered resources, i.e. build is platform dependent!
2017-04-30 20:03:05,684 [Worker-38] INFO  o.e.m.c.i.embedder.EclipseLogger - skip non existing resourceDirectory D:\Customer\CustomerBackEnd\src\test\resources
2017-04-30 20:03:50,526 [Worker-46] WARN  o.e.m.c.i.embedder.EclipseLogger - Using platform encoding (Cp1252 actually) to copy filtered resources, i.e. build is platform dependent!
2017-04-30 20:03:50,544 [Worker-46] INFO  o.e.m.c.i.embedder.EclipseLogger - Copying 0 resource
2017-04-30 20:03:50,549 [Worker-46] WARN  o.e.m.c.i.embedder.EclipseLogger - Using platform encoding (Cp1252 actually) to copy filtered resources, i.e. build is platform dependent!
2017-04-30 20:03:50,603 [Worker-46] INFO  o.e.m.c.i.embedder.EclipseLogger - skip non existing resourceDirectory D:\Customer\CustomerBackEnd\src\test\resources
2017-04-30 20:10:15,508 [Worker-51] WARN  o.e.m.c.i.embedder.EclipseLogger - Using platform encoding (Cp1252 actually) to copy filtered resources, i.e. build is platform dependent!
2017-04-30 20:10:15,526 [Worker-51] INFO  o.e.m.c.i.embedder.EclipseLogger - Copying 0 resource
2017-04-30 20:10:15,528 [Worker-51] WARN  o.e.m.c.i.embedder.EclipseLogger - Using platform encoding (Cp1252 actually) to copy filtered resources, i.e. build is platform dependent!
2017-04-30 20:10:15,545 [Worker-51] INFO  o.e.m.c.i.embedder.EclipseLogger - skip non existing resourceDirectory D:\Customer\CustomerBackEnd\src\test\resources
2017-04-30 20:11:47,675 [Worker-53] WARN  o.e.m.c.i.embedder.EclipseLogger - Using platform encoding (Cp1252 actually) to copy filtered resources, i.e. build is platform dependent!
2017-04-30 20:11:47,693 [Worker-53] INFO  o.e.m.c.i.embedder.EclipseLogger - Copying 0 resource
2017-04-30 20:11:47,699 [Worker-53] WARN  o.e.m.c.i.embedder.EclipseLogger - Using platform encoding (Cp1252 actually) to copy filtered resources, i.e. build is platform dependent!
2017-04-30 20:11:47,724 [Worker-53] INFO  o.e.m.c.i.embedder.EclipseLogger - skip non existing resourceDirectory D:\Customer\CustomerBackEnd\src\test\resources
2017-04-30 20:20:03,063 [Worker-55] WARN  o.e.m.c.i.embedder.EclipseLogger - Using platform encoding (Cp1252 actually) to copy filtered resources, i.e. build is platform dependent!
2017-04-30 20:20:03,075 [Worker-55] INFO  o.e.m.c.i.embedder.EclipseLogger - Copying 0 resource
2017-04-30 20:20:03,077 [Worker-55] WARN  o.e.m.c.i.embedder.EclipseLogger - Using platform encoding (Cp1252 actually) to copy filtered resources, i.e. build is platform dependent!
2017-04-30 20:20:03,092 [Worker-55] INFO  o.e.m.c.i.embedder.EclipseLogger - skip non existing resourceDirectory D:\Customer\CustomerBackEnd\src\test\resources
2017-04-30 20:21:32,713 [Worker-57] WARN  o.e.m.c.i.embedder.EclipseLogger - Using platform encoding (Cp1252 actually) to copy filtered resources, i.e. build is platform dependent!
2017-04-30 20:21:32,730 [Worker-57] INFO  o.e.m.c.i.embedder.EclipseLogger - Copying 0 resource
2017-04-30 20:21:32,733 [Worker-57] WARN  o.e.m.c.i.embedder.EclipseLogger - Using platform encoding (Cp1252 actually) to copy filtered resources, i.e. build is platform dependent!
2017-04-30 20:21:32,748 [Worker-57] INFO  o.e.m.c.i.embedder.EclipseLogger - skip non existing resourceDirectory D:\Customer\CustomerBackEnd\src\test\resources
2017-04-30 20:23:03,449 [Worker-58] WARN  o.e.m.c.i.embedder.EclipseLogger - Using platform encoding (Cp1252 actually) to copy filtered resources, i.e. build is platform dependent!
2017-04-30 20:23:03,542 [Worker-58] INFO  o.e.m.c.i.embedder.EclipseLogger - Copying 0 resource
2017-04-30 20:23:03,545 [Worker-58] WARN  o.e.m.c.i.embedder.EclipseLogger - Using platform encoding (Cp1252 actually) to copy filtered resources, i.e. build is platform dependent!
2017-04-30 20:23:03,580 [Worker-58] INFO  o.e.m.c.i.embedder.EclipseLogger - skip non existing resourceDirectory D:\Customer\CustomerBackEnd\src\test\resources
2017-04-30 20:28:06,802 [Worker-61] INFO  o.e.m.c.i.l.LifecycleMappingFactory - Using org.maven.ide.eclipse.wtp.WarLifecycleMapping lifecycle mapping for MavenProject: com.niit:CustomerBackEnd:0.0.1-SNAPSHOT @ D:\Customer\CustomerBackEnd\pom.xml.
2017-04-30 20:28:11,439 [Worker-61] WARN  o.e.m.c.i.embedder.EclipseLogger - Using platform encoding (Cp1252 actually) to copy filtered resources, i.e. build is platform dependent!
2017-04-30 20:28:11,459 [Worker-61] INFO  o.e.m.c.i.embedder.EclipseLogger - Copying 0 resource
2017-04-30 20:28:11,463 [Worker-61] WARN  o.e.m.c.i.embedder.EclipseLogger - Using platform encoding (Cp1252 actually) to copy filtered resources, i.e. build is platform dependent!
2017-04-30 20:28:11,476 [Worker-61] INFO  o.e.m.c.i.embedder.EclipseLogger - skip non existing resourceDirectory D:\Customer\CustomerBackEnd\src\test\resources
2017-04-30 20:28:11,476 [Worker-61] INFO  o.e.m.w.i.f.ResourceFilteringBuildParticipant - Changed resources require a complete clean of filtered resources of CustomerBackEnd
2017-04-30 20:28:11,476 [Worker-61] INFO  o.e.m.w.i.f.ResourceFilteringBuildParticipant - Executing resource filtering for CustomerBackEnd
2017-04-30 20:28:11,484 [Worker-61] WARN  o.e.m.c.i.embedder.EclipseLogger - Using platform encoding (Cp1252 actually) to copy filtered resources, i.e. build is platform dependent!
2017-04-30 20:28:13,597 [Worker-58] WARN  o.e.m.c.i.embedder.EclipseLogger - Using platform encoding (Cp1252 actually) to copy filtered resources, i.e. build is platform dependent!
2017-04-30 20:28:13,617 [Worker-58] INFO  o.e.m.c.i.embedder.EclipseLogger - Copying 0 resource
2017-04-30 20:28:13,622 [Worker-58] WARN  o.e.m.c.i.embedder.EclipseLogger - Using platform encoding (Cp1252 actually) to copy filtered resources, i.e. build is platform dependent!
2017-04-30 20:28:13,633 [Worker-58] INFO  o.e.m.c.i.embedder.EclipseLogger - skip non existing resourceDirectory D:\Customer\CustomerBackEnd\src\test\resources
2017-04-30 20:29:19,077 [Worker-66] WARN  o.e.m.c.i.embedder.EclipseLogger - Using platform encoding (Cp1252 actually) to copy filtered resources, i.e. build is platform dependent!
2017-04-30 20:29:19,099 [Worker-66] INFO  o.e.m.c.i.embedder.EclipseLogger - Copying 0 resource
2017-04-30 20:29:19,104 [Worker-66] WARN  o.e.m.c.i.embedder.EclipseLogger - Using platform encoding (Cp1252 actually) to copy filtered resources, i.e. build is platform dependent!
2017-04-30 20:29:19,131 [Worker-66] INFO  o.e.m.c.i.embedder.EclipseLogger - skip non existing resourceDirectory D:\Customer\CustomerBackEnd\src\test\resources
2017-04-30 20:29:48,526 [Worker-64] WARN  o.e.m.c.i.embedder.EclipseLogger - Using platform encoding (Cp1252 actually) to copy filtered resources, i.e. build is platform dependent!
2017-04-30 20:29:48,550 [Worker-64] INFO  o.e.m.c.i.embedder.EclipseLogger - Copying 0 resource
2017-04-30 20:29:48,553 [Worker-64] WARN  o.e.m.c.i.embedder.EclipseLogger - Using platform encoding (Cp1252 actually) to copy filtered resources, i.e. build is platform dependent!
2017-04-30 20:29:48,568 [Worker-64] INFO  o.e.m.c.i.embedder.EclipseLogger - skip non existing resourceDirectory D:\Customer\CustomerBackEnd\src\test\resources
2017-04-30 20:34:45,596 [Worker-64] WARN  o.e.m.c.i.embedder.EclipseLogger - Using platform encoding (Cp1252 actually) to copy filtered resources, i.e. build is platform dependent!
2017-04-30 20:34:45,612 [Worker-64] INFO  o.e.m.c.i.embedder.EclipseLogger - Copying 0 resource
2017-04-30 20:34:45,614 [Worker-64] WARN  o.e.m.c.i.embedder.EclipseLogger - Using platform encoding (Cp1252 actually) to copy filtered resources, i.e. build is platform dependent!
2017-04-30 20:34:45,644 [Worker-64] INFO  o.e.m.c.i.embedder.EclipseLogger - skip non existing resourceDirectory D:\Customer\CustomerBackEnd\src\test\resources
2017-04-30 20:35:49,456 [Worker-68] WARN  o.e.m.c.i.embedder.EclipseLogger - Using platform encoding (Cp1252 actually) to copy filtered resources, i.e. build is platform dependent!
2017-04-30 20:35:49,473 [Worker-68] INFO  o.e.m.c.i.embedder.EclipseLogger - Copying 0 resource
2017-04-30 20:35:49,476 [Worker-68] WARN  o.e.m.c.i.embedder.EclipseLogger - Using platform encoding (Cp1252 actually) to copy filtered resources, i.e. build is platform dependent!
2017-04-30 20:35:49,497 [Worker-68] INFO  o.e.m.c.i.embedder.EclipseLogger - skip non existing resourceDirectory D:\Customer\CustomerBackEnd\src\test\resources
2017-04-30 20:36:10,538 [Worker-64] WARN  o.e.m.c.i.embedder.EclipseLogger - Using platform encoding (Cp1252 actually) to copy filtered resources, i.e. build is platform dependent!
2017-04-30 20:36:10,584 [Worker-64] INFO  o.e.m.c.i.embedder.EclipseLogger - Copying 0 resource
2017-04-30 20:36:10,586 [Worker-64] WARN  o.e.m.c.i.embedder.EclipseLogger - Using platform encoding (Cp1252 actually) to copy filtered resources, i.e. build is platform dependent!
2017-04-30 20:36:10,599 [Worker-64] INFO  o.e.m.c.i.embedder.EclipseLogger - skip non existing resourceDirectory D:\Customer\CustomerBackEnd\src\test\resources
2017-04-30 20:36:40,275 [Worker-71] WARN  o.e.m.c.i.embedder.EclipseLogger - Using platform encoding (Cp1252 actually) to copy filtered resources, i.e. build is platform dependent!
2017-04-30 20:36:40,313 [Worker-71] INFO  o.e.m.c.i.embedder.EclipseLogger - Copying 0 resource
2017-04-30 20:36:40,316 [Worker-71] WARN  o.e.m.c.i.embedder.EclipseLogger - Using platform encoding (Cp1252 actually) to copy filtered resources, i.e. build is platform dependent!
2017-04-30 20:36:40,346 [Worker-71] INFO  o.e.m.c.i.embedder.EclipseLogger - skip non existing resourceDirectory D:\Customer\CustomerBackEnd\src\test\resources
2017-04-30 20:42:31,670 [Worker-72] WARN  o.e.m.c.i.embedder.EclipseLogger - Using platform encoding (Cp1252 actually) to copy filtered resources, i.e. build is platform dependent!
2017-04-30 20:42:31,715 [Worker-72] INFO  o.e.m.c.i.embedder.EclipseLogger - Copying 0 resource
2017-04-30 20:42:31,721 [Worker-72] WARN  o.e.m.c.i.embedder.EclipseLogger - Using platform encoding (Cp1252 actually) to copy filtered resources, i.e. build is platform dependent!
2017-04-30 20:42:31,740 [Worker-72] INFO  o.e.m.c.i.embedder.EclipseLogger - skip non existing resourceDirectory D:\Customer\CustomerBackEnd\src\test\resources
2017-04-30 20:53:43,958 [Worker-73] WARN  o.e.m.c.i.embedder.EclipseLogger - Using platform encoding (Cp1252 actually) to copy filtered resources, i.e. build is platform dependent!
2017-04-30 20:53:43,977 [Worker-73] INFO  o.e.m.c.i.embedder.EclipseLogger - Copying 0 resource
2017-04-30 20:53:43,980 [Worker-73] WARN  o.e.m.c.i.embedder.EclipseLogger - Using platform encoding (Cp1252 actually) to copy filtered resources, i.e. build is platform dependent!
2017-04-30 20:53:43,996 [Worker-73] INFO  o.e.m.c.i.embedder.EclipseLogger - skip non existing resourceDirectory D:\Customer\CustomerBackEnd\src\test\resources
2017-04-30 20:53:53,240 [Worker-73] WARN  o.e.m.c.i.embedder.EclipseLogger - Using platform encoding (Cp1252 actually) to copy filtered resources, i.e. build is platform dependent!
2017-04-30 20:53:53,254 [Worker-73] INFO  o.e.m.c.i.embedder.EclipseLogger - Copying 0 resource
2017-04-30 20:53:53,258 [Worker-73] WARN  o.e.m.c.i.embedder.EclipseLogger - Using platform encoding (Cp1252 actually) to copy filtered resources, i.e. build is platform dependent!
2017-04-30 20:53:53,277 [Worker-73] INFO  o.e.m.c.i.embedder.EclipseLogger - skip non existing resourceDirectory D:\Customer\CustomerBackEnd\src\test\resources
2017-04-30 20:58:04,423 [Worker-58] WARN  o.e.m.c.i.embedder.EclipseLogger - Using platform encoding (Cp1252 actually) to copy filtered resources, i.e. build is platform dependent!
2017-04-30 20:58:04,439 [Worker-58] INFO  o.e.m.c.i.embedder.EclipseLogger - Copying 0 resource
2017-04-30 20:58:04,442 [Worker-58] WARN  o.e.m.c.i.embedder.EclipseLogger - Using platform encoding (Cp1252 actually) to copy filtered resources, i.e. build is platform dependent!
2017-04-30 20:58:04,456 [Worker-58] INFO  o.e.m.c.i.embedder.EclipseLogger - skip non existing resourceDirectory D:\Customer\CustomerBackEnd\src\test\resources
2017-04-30 20:58:17,097 [Worker-69] WARN  o.e.m.c.i.embedder.EclipseLogger - Using platform encoding (Cp1252 actually) to copy filtered resources, i.e. build is platform dependent!
2017-04-30 20:58:17,112 [Worker-69] INFO  o.e.m.c.i.embedder.EclipseLogger - Copying 0 resource
2017-04-30 20:58:17,115 [Worker-69] WARN  o.e.m.c.i.embedder.EclipseLogger - Using platform encoding (Cp1252 actually) to copy filtered resources, i.e. build is platform dependent!
2017-04-30 20:58:17,130 [Worker-69] INFO  o.e.m.c.i.embedder.EclipseLogger - skip non existing resourceDirectory D:\Customer\CustomerBackEnd\src\test\resources
2017-04-30 20:58:25,769 [Worker-78] WARN  o.e.m.c.i.embedder.EclipseLogger - Using platform encoding (Cp1252 actually) to copy filtered resources, i.e. build is platform dependent!
2017-04-30 20:58:25,795 [Worker-78] INFO  o.e.m.c.i.embedder.EclipseLogger - Copying 0 resource
2017-04-30 20:58:25,805 [Worker-78] WARN  o.e.m.c.i.embedder.EclipseLogger - Using platform encoding (Cp1252 actually) to copy filtered resources, i.e. build is platform dependent!
2017-04-30 20:58:25,832 [Worker-78] INFO  o.e.m.c.i.embedder.EclipseLogger - skip non existing resourceDirectory D:\Customer\CustomerBackEnd\src\test\resources
2017-04-30 21:04:46,397 [Worker-77] WARN  o.e.m.c.i.embedder.EclipseLogger - Using platform encoding (Cp1252 actually) to copy filtered resources, i.e. build is platform dependent!
2017-04-30 21:04:46,416 [Worker-77] INFO  o.e.m.c.i.embedder.EclipseLogger - Copying 0 resource
2017-04-30 21:04:46,419 [Worker-77] WARN  o.e.m.c.i.embedder.EclipseLogger - Using platform encoding (Cp1252 actually) to copy filtered resources, i.e. build is platform dependent!
2017-04-30 21:04:46,432 [Worker-77] INFO  o.e.m.c.i.embedder.EclipseLogger - skip non existing resourceDirectory D:\Customer\CustomerBackEnd\src\test\resources
2017-04-30 21:04:51,981 [Worker-78] WARN  o.e.m.c.i.embedder.EclipseLogger - Using platform encoding (Cp1252 actually) to copy filtered resources, i.e. build is platform dependent!
2017-04-30 21:04:52,007 [Worker-78] INFO  o.e.m.c.i.embedder.EclipseLogger - Copying 0 resource
2017-04-30 21:04:52,010 [Worker-78] WARN  o.e.m.c.i.embedder.EclipseLogger - Using platform encoding (Cp1252 actually) to copy filtered resources, i.e. build is platform dependent!
2017-04-30 21:04:52,025 [Worker-78] INFO  o.e.m.c.i.embedder.EclipseLogger - skip non existing resourceDirectory D:\Customer\CustomerBackEnd\src\test\resources
2017-04-30 21:06:41,579 [Worker-78] WARN  o.e.m.c.i.embedder.EclipseLogger - Using platform encoding (Cp1252 actually) to copy filtered resources, i.e. build is platform dependent!
2017-04-30 21:06:41,656 [Worker-78] INFO  o.e.m.c.i.embedder.EclipseLogger - Copying 0 resource
2017-04-30 21:06:41,663 [Worker-78] WARN  o.e.m.c.i.embedder.EclipseLogger - Using platform encoding (Cp1252 actually) to copy filtered resources, i.e. build is platform dependent!
2017-04-30 21:06:41,682 [Worker-78] INFO  o.e.m.c.i.embedder.EclipseLogger - skip non existing resourceDirectory D:\Customer\CustomerBackEnd\src\test\resources
2017-04-30 21:12:57,647 [Worker-76] WARN  o.e.m.c.i.embedder.EclipseLogger - Using platform encoding (Cp1252 actually) to copy filtered resources, i.e. build is platform dependent!
2017-04-30 21:12:57,670 [Worker-76] INFO  o.e.m.c.i.embedder.EclipseLogger - Copying 0 resource
2017-04-30 21:12:57,673 [Worker-76] WARN  o.e.m.c.i.embedder.EclipseLogger - Using platform encoding (Cp1252 actually) to copy filtered resources, i.e. build is platform dependent!
2017-04-30 21:12:57,717 [Worker-76] INFO  o.e.m.c.i.embedder.EclipseLogger - skip non existing resourceDirectory D:\Customer\CustomerBackEnd\src\test\resources
2017-04-30 21:56:49,124 [Worker-90] WARN  o.e.m.c.i.embedder.EclipseLogger - Using platform encoding (Cp1252 actually) to copy filtered resources, i.e. build is platform dependent!
2017-04-30 21:56:49,258 [Worker-90] INFO  o.e.m.c.i.embedder.EclipseLogger - Copying 0 resource
2017-04-30 21:56:49,262 [Worker-90] WARN  o.e.m.c.i.embedder.EclipseLogger - Using platform encoding (Cp1252 actually) to copy filtered resources, i.e. build is platform dependent!
2017-04-30 21:56:49,290 [Worker-90] INFO  o.e.m.c.i.embedder.EclipseLogger - skip non existing resourceDirectory D:\Customer\CustomerBackEnd\src\test\resources
2017-04-30 21:57:20,845 [Worker-95] WARN  o.e.m.c.i.embedder.EclipseLogger - Using platform encoding (Cp1252 actually) to copy filtered resources, i.e. build is platform dependent!
2017-04-30 21:57:20,868 [Worker-95] INFO  o.e.m.c.i.embedder.EclipseLogger - Copying 0 resource
2017-04-30 21:57:20,870 [Worker-95] WARN  o.e.m.c.i.embedder.EclipseLogger - Using platform encoding (Cp1252 actually) to copy filtered resources, i.e. build is platform dependent!
2017-04-30 21:57:20,930 [Worker-95] INFO  o.e.m.c.i.embedder.EclipseLogger - skip non existing resourceDirectory D:\Customer\CustomerBackEnd\src\test\resources
2017-04-30 22:05:38,252 [Worker-100] INFO  o.e.m.c.i.l.LifecycleMappingFactory - Using org.maven.ide.eclipse.wtp.WarLifecycleMapping lifecycle mapping for MavenProject: com.niit:CustomerBackEnd:0.0.1-SNAPSHOT @ D:\Customer\CustomerBackEnd\pom.xml.
2017-04-30 22:05:57,220 [Worker-100] WARN  o.e.m.c.i.embedder.EclipseLogger - Using platform encoding (Cp1252 actually) to copy filtered resources, i.e. build is platform dependent!
2017-04-30 22:05:57,300 [Worker-100] INFO  o.e.m.c.i.embedder.EclipseLogger - Copying 0 resource
2017-04-30 22:05:57,303 [Worker-100] WARN  o.e.m.c.i.embedder.EclipseLogger - Using platform encoding (Cp1252 actually) to copy filtered resources, i.e. build is platform dependent!
2017-04-30 22:05:57,315 [Worker-100] INFO  o.e.m.c.i.embedder.EclipseLogger - skip non existing resourceDirectory D:\Customer\CustomerBackEnd\src\test\resources
2017-04-30 22:05:57,316 [Worker-100] INFO  o.e.m.w.i.f.ResourceFilteringBuildParticipant - Changed resources require a complete clean of filtered resources of CustomerBackEnd
2017-04-30 22:05:57,316 [Worker-100] INFO  o.e.m.w.i.f.ResourceFilteringBuildParticipant - Executing resource filtering for CustomerBackEnd
2017-04-30 22:05:57,324 [Worker-100] WARN  o.e.m.c.i.embedder.EclipseLogger - Using platform encoding (Cp1252 actually) to copy filtered resources, i.e. build is platform dependent!
2017-04-30 22:06:01,095 [Worker-103] WARN  o.e.m.c.i.embedder.EclipseLogger - Using platform encoding (Cp1252 actually) to copy filtered resources, i.e. build is platform dependent!
2017-04-30 22:06:01,109 [Worker-103] INFO  o.e.m.c.i.embedder.EclipseLogger - Copying 0 resource
2017-04-30 22:06:01,113 [Worker-103] WARN  o.e.m.c.i.embedder.EclipseLogger - Using platform encoding (Cp1252 actually) to copy filtered resources, i.e. build is platform dependent!
2017-04-30 22:06:01,123 [Worker-103] INFO  o.e.m.c.i.embedder.EclipseLogger - skip non existing resourceDirectory D:\Customer\CustomerBackEnd\src\test\resources
2017-04-30 22:24:35,437 [Worker-137] WARN  o.e.m.c.i.embedder.EclipseLogger - Using platform encoding (Cp1252 actually) to copy filtered resources, i.e. build is platform dependent!
2017-04-30 22:24:35,664 [Worker-137] INFO  o.e.m.c.i.embedder.EclipseLogger - Copying 0 resource
2017-04-30 22:24:35,667 [Worker-137] WARN  o.e.m.c.i.embedder.EclipseLogger - Using platform encoding (Cp1252 actually) to copy filtered resources, i.e. build is platform dependent!
2017-04-30 22:24:35,771 [Worker-137] INFO  o.e.m.c.i.embedder.EclipseLogger - skip non existing resourceDirectory D:\Customer\CustomerBackEnd\src\test\resources
2017-04-30 22:25:00,878 [Worker-138] WARN  o.e.m.c.i.embedder.EclipseLogger - Using platform encoding (Cp1252 actually) to copy filtered resources, i.e. build is platform dependent!
2017-04-30 22:25:00,922 [Worker-138] INFO  o.e.m.c.i.embedder.EclipseLogger - Copying 0 resource
2017-04-30 22:25:00,925 [Worker-138] WARN  o.e.m.c.i.embedder.EclipseLogger - Using platform encoding (Cp1252 actually) to copy filtered resources, i.e. build is platform dependent!
2017-04-30 22:25:00,968 [Worker-138] INFO  o.e.m.c.i.embedder.EclipseLogger - skip non existing resourceDirectory D:\Customer\CustomerBackEnd\src\test\resources
2017-04-30 22:30:18,306 [Worker-134] WARN  o.e.m.c.i.embedder.EclipseLogger - Using platform encoding (Cp1252 actually) to copy filtered resources, i.e. build is platform dependent!
2017-04-30 22:30:18,347 [Worker-134] INFO  o.e.m.c.i.embedder.EclipseLogger - Copying 0 resource
2017-04-30 22:30:18,351 [Worker-134] WARN  o.e.m.c.i.embedder.EclipseLogger - Using platform encoding (Cp1252 actually) to copy filtered resources, i.e. build is platform dependent!
2017-04-30 22:30:18,387 [Worker-134] INFO  o.e.m.c.i.embedder.EclipseLogger - skip non existing resourceDirectory D:\Customer\CustomerBackEnd\src\test\resources
2017-04-30 22:32:23,843 [Worker-144] WARN  o.e.m.c.i.embedder.EclipseLogger - Using platform encoding (Cp1252 actually) to copy filtered resources, i.e. build is platform dependent!
2017-04-30 22:32:23,867 [Worker-144] INFO  o.e.m.c.i.embedder.EclipseLogger - Copying 0 resource
2017-04-30 22:32:23,870 [Worker-144] WARN  o.e.m.c.i.embedder.EclipseLogger - Using platform encoding (Cp1252 actually) to copy filtered resources, i.e. build is platform dependent!
2017-04-30 22:32:23,888 [Worker-144] INFO  o.e.m.c.i.embedder.EclipseLogger - skip non existing resourceDirectory D:\Customer\CustomerBackEnd\src\test\resources
2017-04-30 22:32:32,054 [Worker-137] WARN  o.e.m.c.i.embedder.EclipseLogger - Using platform encoding (Cp1252 actually) to copy filtered resources, i.e. build is platform dependent!
2017-04-30 22:32:32,071 [Worker-137] INFO  o.e.m.c.i.embedder.EclipseLogger - Copying 0 resource
2017-04-30 22:32:32,073 [Worker-137] WARN  o.e.m.c.i.embedder.EclipseLogger - Using platform encoding (Cp1252 actually) to copy filtered resources, i.e. build is platform dependent!
2017-04-30 22:32:32,089 [Worker-137] INFO  o.e.m.c.i.embedder.EclipseLogger - skip non existing resourceDirectory D:\Customer\CustomerBackEnd\src\test\resources
2017-04-30 22:37:07,417 [Worker-145] WARN  o.e.m.c.i.embedder.EclipseLogger - Using platform encoding (Cp1252 actually) to copy filtered resources, i.e. build is platform dependent!
2017-04-30 22:37:07,440 [Worker-145] INFO  o.e.m.c.i.embedder.EclipseLogger - Copying 0 resource
2017-04-30 22:37:07,444 [Worker-145] WARN  o.e.m.c.i.embedder.EclipseLogger - Using platform encoding (Cp1252 actually) to copy filtered resources, i.e. build is platform dependent!
2017-04-30 22:37:07,469 [Worker-145] INFO  o.e.m.c.i.embedder.EclipseLogger - skip non existing resourceDirectory D:\Customer\CustomerBackEnd\src\test\resources
2017-04-30 22:39:44,669 [Worker-150] WARN  o.e.m.c.i.embedder.EclipseLogger - Using platform encoding (Cp1252 actually) to copy filtered resources, i.e. build is platform dependent!
2017-04-30 22:39:44,908 [Worker-150] INFO  o.e.m.c.i.embedder.EclipseLogger - Copying 0 resource
2017-04-30 22:39:44,959 [Worker-150] WARN  o.e.m.c.i.embedder.EclipseLogger - Using platform encoding (Cp1252 actually) to copy filtered resources, i.e. build is platform dependent!
2017-04-30 22:39:44,991 [Worker-150] INFO  o.e.m.c.i.embedder.EclipseLogger - skip non existing resourceDirectory D:\Customer\CustomerBackEnd\src\test\resources
2017-04-30 22:42:48,844 [Worker-134] INFO  o.e.m.c.i.e.AbstractTransferListenerAdapter - Downloaded https://repo.maven.apache.org/maven2/com/microsoft/sqlserver/sqljdbc4/4.0/sqljdbc4-4.0-sources.jar
2017-04-30 22:42:51,039 [Worker-134] ERROR o.e.m.j.internal.DownloadSourcesJob - Could not download sources for com.microsoft.sqlserver:sqljdbc4:4.0
org.eclipse.core.runtime.CoreException: Could not resolve artifact com.microsoft.sqlserver:sqljdbc4:jar:sources:4.0
	at org.eclipse.m2e.core.internal.embedder.MavenImpl$5.call(MavenImpl.java:776) ~[org.eclipse.m2e.core_1.7.0.20160603-1933.jar:na]
	at org.eclipse.m2e.core.internal.embedder.MavenImpl$5.call(MavenImpl.java:1) ~[org.eclipse.m2e.core_1.7.0.20160603-1933.jar:na]
	at org.eclipse.m2e.core.internal.embedder.MavenExecutionContext.executeBare(MavenExecutionContext.java:176) [org.eclipse.m2e.core_1.7.0.20160603-1933.jar:na]
	at org.eclipse.m2e.core.internal.embedder.MavenExecutionContext.execute(MavenExecutionContext.java:112) [org.eclipse.m2e.core_1.7.0.20160603-1933.jar:na]
	at org.eclipse.m2e.core.internal.embedder.MavenExecutionContext.execute(MavenExecutionContext.java:99) [org.eclipse.m2e.core_1.7.0.20160603-1933.jar:na]
	at org.eclipse.m2e.core.internal.embedder.MavenImpl.resolve(MavenImpl.java:743) [org.eclipse.m2e.core_1.7.0.20160603-1933.jar:na]
	at org.eclipse.m2e.core.internal.embedder.MavenImpl.resolve(MavenImpl.java:720) [org.eclipse.m2e.core_1.7.0.20160603-1933.jar:na]
	at org.eclipse.m2e.jdt.internal.DownloadSourcesJob.download(DownloadSourcesJob.java:249) [org.eclipse.m2e.jdt_1.7.0.20160603-1933.jar:na]
	at org.eclipse.m2e.jdt.internal.DownloadSourcesJob.downloadAttachments(DownloadSourcesJob.java:228) [org.eclipse.m2e.jdt_1.7.0.20160603-1933.jar:na]
	at org.eclipse.m2e.jdt.internal.DownloadSourcesJob.downloadMaven(DownloadSourcesJob.java:202) [org.eclipse.m2e.jdt_1.7.0.20160603-1933.jar:na]
	at org.eclipse.m2e.jdt.internal.DownloadSourcesJob.run(DownloadSourcesJob.java:153) [org.eclipse.m2e.jdt_1.7.0.20160603-1933.jar:na]
	at org.eclipse.m2e.jdt.internal.DownloadSourcesJob$1.call(DownloadSourcesJob.java:136) [org.eclipse.m2e.jdt_1.7.0.20160603-1933.jar:na]
	at org.eclipse.m2e.jdt.internal.DownloadSourcesJob$1.call(DownloadSourcesJob.java:1) [org.eclipse.m2e.jdt_1.7.0.20160603-1933.jar:na]
	at org.eclipse.m2e.core.internal.embedder.MavenExecutionContext.executeBare(MavenExecutionContext.java:176) [org.eclipse.m2e.core_1.7.0.20160603-1933.jar:na]
	at org.eclipse.m2e.core.internal.embedder.MavenExecutionContext.execute(MavenExecutionContext.java:151) [org.eclipse.m2e.core_1.7.0.20160603-1933.jar:na]
	at org.eclipse.m2e.core.internal.embedder.MavenExecutionContext.execute(MavenExecutionContext.java:99) [org.eclipse.m2e.core_1.7.0.20160603-1933.jar:na]
	at org.eclipse.m2e.core.internal.embedder.MavenImpl.execute(MavenImpl.java:1355) [org.eclipse.m2e.core_1.7.0.20160603-1933.jar:na]
	at org.eclipse.m2e.jdt.internal.DownloadSourcesJob.run(DownloadSourcesJob.java:134) [org.eclipse.m2e.jdt_1.7.0.20160603-1933.jar:na]
	at org.eclipse.core.internal.jobs.Worker.run(Worker.java:55) [org.eclipse.core.jobs_3.8.0.v20160509-0411.jar:na]
2017-04-30 22:43:04,878 [Worker-137] WARN  o.e.m.c.i.embedder.EclipseLogger - Using platform encoding (Cp1252 actually) to copy filtered resources, i.e. build is platform dependent!
2017-04-30 22:43:04,920 [Worker-137] INFO  o.e.m.c.i.embedder.EclipseLogger - Copying 0 resource
2017-04-30 22:43:04,923 [Worker-137] WARN  o.e.m.c.i.embedder.EclipseLogger - Using platform encoding (Cp1252 actually) to copy filtered resources, i.e. build is platform dependent!
2017-04-30 22:43:04,970 [Worker-137] INFO  o.e.m.c.i.embedder.EclipseLogger - skip non existing resourceDirectory D:\Customer\CustomerBackEnd\src\test\resources
2017-04-30 22:53:15,880 [Worker-152] WARN  o.e.m.c.i.embedder.EclipseLogger - Using platform encoding (Cp1252 actually) to copy filtered resources, i.e. build is platform dependent!
2017-04-30 22:53:16,032 [Worker-152] INFO  o.e.m.c.i.embedder.EclipseLogger - Copying 0 resource
2017-04-30 22:53:16,034 [Worker-152] WARN  o.e.m.c.i.embedder.EclipseLogger - Using platform encoding (Cp1252 actually) to copy filtered resources, i.e. build is platform dependent!
2017-04-30 22:53:16,080 [Worker-152] INFO  o.e.m.c.i.embedder.EclipseLogger - skip non existing resourceDirectory D:\Customer\CustomerBackEnd\src\test\resources
2017-04-30 23:03:44,972 [Worker-157] WARN  o.e.m.c.i.embedder.EclipseLogger - Using platform encoding (Cp1252 actually) to copy filtered resources, i.e. build is platform dependent!
2017-04-30 23:03:45,289 [Worker-157] INFO  o.e.m.c.i.embedder.EclipseLogger - Copying 0 resource
2017-04-30 23:03:45,292 [Worker-157] WARN  o.e.m.c.i.embedder.EclipseLogger - Using platform encoding (Cp1252 actually) to copy filtered resources, i.e. build is platform dependent!
2017-04-30 23:03:45,327 [Worker-157] INFO  o.e.m.c.i.embedder.EclipseLogger - skip non existing resourceDirectory D:\Customer\CustomerBackEnd\src\test\resources
2017-04-30 23:05:18,833 [Worker-157] WARN  o.e.m.c.i.embedder.EclipseLogger - Using platform encoding (Cp1252 actually) to copy filtered resources, i.e. build is platform dependent!
2017-04-30 23:05:18,894 [Worker-157] INFO  o.e.m.c.i.embedder.EclipseLogger - Copying 0 resource
2017-04-30 23:05:18,898 [Worker-157] WARN  o.e.m.c.i.embedder.EclipseLogger - Using platform encoding (Cp1252 actually) to copy filtered resources, i.e. build is platform dependent!
2017-04-30 23:05:18,972 [Worker-157] INFO  o.e.m.c.i.embedder.EclipseLogger - skip non existing resourceDirectory D:\Customer\CustomerBackEnd\src\test\resources
2017-04-30 23:07:14,130 [Worker-159] WARN  o.e.m.c.i.embedder.EclipseLogger - Using platform encoding (Cp1252 actually) to copy filtered resources, i.e. build is platform dependent!
2017-04-30 23:07:14,187 [Worker-159] INFO  o.e.m.c.i.embedder.EclipseLogger - Copying 0 resource
2017-04-30 23:07:14,245 [Worker-159] WARN  o.e.m.c.i.embedder.EclipseLogger - Using platform encoding (Cp1252 actually) to copy filtered resources, i.e. build is platform dependent!
2017-04-30 23:07:14,289 [Worker-159] INFO  o.e.m.c.i.embedder.EclipseLogger - skip non existing resourceDirectory D:\Customer\CustomerBackEnd\src\test\resources
2017-04-30 23:09:08,611 [Worker-156] WARN  o.e.m.c.i.embedder.EclipseLogger - Using platform encoding (Cp1252 actually) to copy filtered resources, i.e. build is platform dependent!
2017-04-30 23:09:08,776 [Worker-156] INFO  o.e.m.c.i.embedder.EclipseLogger - Copying 0 resource
2017-04-30 23:09:08,779 [Worker-156] WARN  o.e.m.c.i.embedder.EclipseLogger - Using platform encoding (Cp1252 actually) to copy filtered resources, i.e. build is platform dependent!
2017-04-30 23:09:08,809 [Worker-156] INFO  o.e.m.c.i.embedder.EclipseLogger - skip non existing resourceDirectory D:\Customer\CustomerBackEnd\src\test\resources
2017-04-30 23:34:09,664 [Worker-166] WARN  o.e.m.c.i.embedder.EclipseLogger - Using platform encoding (Cp1252 actually) to copy filtered resources, i.e. build is platform dependent!
2017-04-30 23:34:13,712 [Worker-166] INFO  o.e.m.c.i.embedder.EclipseLogger - Copying 0 resource
2017-04-30 23:34:13,947 [Worker-166] WARN  o.e.m.c.i.embedder.EclipseLogger - Using platform encoding (Cp1252 actually) to copy filtered resources, i.e. build is platform dependent!
2017-04-30 23:34:13,976 [Worker-166] INFO  o.e.m.c.i.embedder.EclipseLogger - skip non existing resourceDirectory D:\Customer\CustomerBackEnd\src\test\resources
2017-04-30 23:41:51,728 [Worker-168] WARN  o.e.m.c.i.embedder.EclipseLogger - Using platform encoding (Cp1252 actually) to copy filtered resources, i.e. build is platform dependent!
2017-04-30 23:41:51,745 [Worker-168] INFO  o.e.m.c.i.embedder.EclipseLogger - Copying 0 resource
2017-04-30 23:41:51,914 [Worker-168] WARN  o.e.m.c.i.embedder.EclipseLogger - Using platform encoding (Cp1252 actually) to copy filtered resources, i.e. build is platform dependent!
2017-04-30 23:41:51,929 [Worker-168] INFO  o.e.m.c.i.embedder.EclipseLogger - skip non existing resourceDirectory D:\Customer\CustomerBackEnd\src\test\resources
2017-04-30 23:54:13,248 [Worker-174] WARN  o.e.m.c.i.embedder.EclipseLogger - Using platform encoding (Cp1252 actually) to copy filtered resources, i.e. build is platform dependent!
2017-04-30 23:54:13,263 [Worker-174] INFO  o.e.m.c.i.embedder.EclipseLogger - Copying 0 resource
2017-04-30 23:54:13,266 [Worker-174] WARN  o.e.m.c.i.embedder.EclipseLogger - Using platform encoding (Cp1252 actually) to copy filtered resources, i.e. build is platform dependent!
2017-04-30 23:54:13,282 [Worker-174] INFO  o.e.m.c.i.embedder.EclipseLogger - skip non existing resourceDirectory D:\Customer\CustomerBackEnd\src\test\resources
2017-04-30 23:56:13,929 [Worker-173] WARN  o.e.m.c.i.embedder.EclipseLogger - Using platform encoding (Cp1252 actually) to copy filtered resources, i.e. build is platform dependent!
2017-04-30 23:56:14,120 [Worker-173] INFO  o.e.m.c.i.embedder.EclipseLogger - Copying 0 resource
2017-04-30 23:56:14,123 [Worker-173] WARN  o.e.m.c.i.embedder.EclipseLogger - Using platform encoding (Cp1252 actually) to copy filtered resources, i.e. build is platform dependent!
2017-04-30 23:56:14,137 [Worker-173] INFO  o.e.m.c.i.embedder.EclipseLogger - skip non existing resourceDirectory D:\Customer\CustomerBackEnd\src\test\resources
2017-04-30 23:58:25,862 [Worker-181] WARN  o.e.m.c.i.embedder.EclipseLogger - Using platform encoding (Cp1252 actually) to copy filtered resources, i.e. build is platform dependent!
2017-04-30 23:58:26,149 [Worker-181] INFO  o.e.m.c.i.embedder.EclipseLogger - Copying 0 resource
2017-04-30 23:58:26,151 [Worker-181] WARN  o.e.m.c.i.embedder.EclipseLogger - Using platform encoding (Cp1252 actually) to copy filtered resources, i.e. build is platform dependent!
2017-04-30 23:58:26,166 [Worker-181] INFO  o.e.m.c.i.embedder.EclipseLogger - skip non existing resourceDirectory D:\Customer\CustomerBackEnd\src\test\resources
2017-04-30 23:58:26,784 [Worker-181] WARN  o.e.m.c.i.embedder.EclipseLogger - Using platform encoding (Cp1252 actually) to copy filtered resources, i.e. build is platform dependent!
2017-04-30 23:58:26,801 [Worker-181] INFO  o.e.m.c.i.embedder.EclipseLogger - Copying 0 resource
2017-04-30 23:58:26,803 [Worker-181] WARN  o.e.m.c.i.embedder.EclipseLogger - Using platform encoding (Cp1252 actually) to copy filtered resources, i.e. build is platform dependent!
2017-04-30 23:58:26,819 [Worker-181] INFO  o.e.m.c.i.embedder.EclipseLogger - skip non existing resourceDirectory D:\Customer\CustomerBackEnd\src\test\resources
2017-05-01 00:07:13,726 [Worker-184] WARN  o.e.m.c.i.embedder.EclipseLogger - Using platform encoding (Cp1252 actually) to copy filtered resources, i.e. build is platform dependent!
2017-05-01 00:07:13,860 [Worker-184] INFO  o.e.m.c.i.embedder.EclipseLogger - Copying 0 resource
2017-05-01 00:07:13,862 [Worker-184] WARN  o.e.m.c.i.embedder.EclipseLogger - Using platform encoding (Cp1252 actually) to copy filtered resources, i.e. build is platform dependent!
2017-05-01 00:07:13,877 [Worker-184] INFO  o.e.m.c.i.embedder.EclipseLogger - skip non existing resourceDirectory D:\Customer\CustomerBackEnd\src\test\resources
2017-05-01 08:27:50,596 [Worker-1] WARN  o.e.m.c.i.embedder.EclipseLogger - Using platform encoding (Cp1252 actually) to copy filtered resources, i.e. build is platform dependent!
2017-05-01 08:27:50,681 [Worker-1] INFO  o.e.m.c.i.embedder.EclipseLogger - Copying 0 resource
2017-05-01 08:27:50,688 [Worker-1] WARN  o.e.m.c.i.embedder.EclipseLogger - Using platform encoding (Cp1252 actually) to copy filtered resources, i.e. build is platform dependent!
2017-05-01 08:27:50,701 [Worker-1] INFO  o.e.m.c.i.embedder.EclipseLogger - skip non existing resourceDirectory D:\Customer\CustomerBackEnd\src\test\resources
2017-05-01 08:37:29,062 [main] ERROR o.e.m2e.editor.pom.OverviewPage - Failed to populate overview panel
java.lang.NullPointerException: null
	at org.eclipse.m2e.core.ui.internal.editing.PomEdits.performOnDOMDocument(PomEdits.java:510) ~[org.eclipse.m2e.core.ui_1.7.0.20160603-1933.jar:na]
	at org.eclipse.m2e.editor.pom.OverviewPage$17.run(OverviewPage.java:1129) ~[na:na]
	at org.eclipse.swt.widgets.RunnableLock.run(RunnableLock.java:35) [org.eclipse.swt.win32.win32.x86_64_3.105.0.v20160603-0902.jar:na]
	at org.eclipse.swt.widgets.Synchronizer.runAsyncMessages(Synchronizer.java:182) [org.eclipse.swt.win32.win32.x86_64_3.105.0.v20160603-0902.jar:na]
	at org.eclipse.swt.widgets.Display.runAsyncMessages(Display.java:4203) [org.eclipse.swt.win32.win32.x86_64_3.105.0.v20160603-0902.jar:na]
	at org.eclipse.swt.widgets.Display.readAndDispatch(Display.java:3819) [org.eclipse.swt.win32.win32.x86_64_3.105.0.v20160603-0902.jar:na]
	at org.eclipse.jface.operation.ModalContext$ModalContextThread.block(ModalContext.java:165) [org.eclipse.jface_3.12.0.v20160518-1929.jar:na]
	at org.eclipse.jface.operation.ModalContext.run(ModalContext.java:369) [org.eclipse.jface_3.12.0.v20160518-1929.jar:na]
	at org.eclipse.jface.dialogs.ProgressMonitorDialog.run(ProgressMonitorDialog.java:481) [org.eclipse.jface_3.12.0.v20160518-1929.jar:na]
	at org.eclipse.ui.internal.progress.ProgressMonitorJobsDialog.run(ProgressMonitorJobsDialog.java:242) [org.eclipse.ui.workbench_3.108.0.v20160602-1232.jar:na]
	at org.eclipse.ui.internal.ide.application.IDEWorkbenchAdvisor.disconnectFromWorkspace(IDEWorkbenchAdvisor.java:463) [org.eclipse.ui.ide.application_1.1.100.v20160518-1929.jar:na]
	at org.eclipse.ui.internal.ide.application.IDEWorkbenchAdvisor.postShutdown(IDEWorkbenchAdvisor.java:309) [org.eclipse.ui.ide.application_1.1.100.v20160518-1929.jar:na]
	at org.eclipse.ui.internal.Workbench.shutdown(Workbench.java:3111) [org.eclipse.ui.workbench_3.108.0.v20160602-1232.jar:na]
	at org.eclipse.ui.internal.Workbench.busyClose(Workbench.java:1200) [org.eclipse.ui.workbench_3.108.0.v20160602-1232.jar:na]
	at org.eclipse.ui.internal.Workbench.access$22(Workbench.java:1112) [org.eclipse.ui.workbench_3.108.0.v20160602-1232.jar:na]
	at org.eclipse.ui.internal.Workbench$19.run(Workbench.java:1453) [org.eclipse.ui.workbench_3.108.0.v20160602-1232.jar:na]
	at org.eclipse.swt.custom.BusyIndicator.showWhile(BusyIndicator.java:70) [org.eclipse.swt.win32.win32.x86_64_3.105.0.v20160603-0902.jar:na]
	at org.eclipse.ui.internal.Workbench.close(Workbench.java:1450) [org.eclipse.ui.workbench_3.108.0.v20160602-1232.jar:na]
	at org.eclipse.ui.internal.Workbench.close(Workbench.java:1423) [org.eclipse.ui.workbench_3.108.0.v20160602-1232.jar:na]
	at org.eclipse.ui.internal.WorkbenchWindow.busyClose(WorkbenchWindow.java:1594) [org.eclipse.ui.workbench_3.108.0.v20160602-1232.jar:na]
	at org.eclipse.ui.internal.WorkbenchWindow.access$16(WorkbenchWindow.java:1540) [org.eclipse.ui.workbench_3.108.0.v20160602-1232.jar:na]
	at org.eclipse.ui.internal.WorkbenchWindow$11.run(WorkbenchWindow.java:1626) [org.eclipse.ui.workbench_3.108.0.v20160602-1232.jar:na]
	at org.eclipse.swt.custom.BusyIndicator.showWhile(BusyIndicator.java:70) [org.eclipse.swt.win32.win32.x86_64_3.105.0.v20160603-0902.jar:na]
	at org.eclipse.ui.internal.WorkbenchWindow.close(WorkbenchWindow.java:1623) [org.eclipse.ui.workbench_3.108.0.v20160602-1232.jar:na]
	at org.eclipse.ui.internal.WorkbenchWindow.close(WorkbenchWindow.java:1637) [org.eclipse.ui.workbench_3.108.0.v20160602-1232.jar:na]
	at org.eclipse.ui.internal.WorkbenchWindow$6.close(WorkbenchWindow.java:524) [org.eclipse.ui.workbench_3.108.0.v20160602-1232.jar:na]
	at org.eclipse.e4.ui.workbench.renderers.swt.WBWRenderer$7.shellClosed(WBWRenderer.java:629) [org.eclipse.e4.ui.workbench.renderers.swt_0.14.0.v20160525-0940.jar:na]
	at org.eclipse.swt.widgets.TypedListener.handleEvent(TypedListener.java:99) [org.eclipse.swt.win32.win32.x86_64_3.105.0.v20160603-0902.jar:na]
	at org.eclipse.swt.widgets.EventTable.sendEvent(EventTable.java:84) [org.eclipse.swt.win32.win32.x86_64_3.105.0.v20160603-0902.jar:na]
	at org.eclipse.swt.widgets.Display.sendEvent(Display.java:4410) [org.eclipse.swt.win32.win32.x86_64_3.105.0.v20160603-0902.jar:na]
	at org.eclipse.swt.widgets.Widget.sendEvent(Widget.java:1079) [org.eclipse.swt.win32.win32.x86_64_3.105.0.v20160603-0902.jar:na]
	at org.eclipse.swt.widgets.Widget.sendEvent(Widget.java:1103) [org.eclipse.swt.win32.win32.x86_64_3.105.0.v20160603-0902.jar:na]
	at org.eclipse.swt.widgets.Widget.sendEvent(Widget.java:1088) [org.eclipse.swt.win32.win32.x86_64_3.105.0.v20160603-0902.jar:na]
	at org.eclipse.swt.widgets.Decorations.closeWidget(Decorations.java:315) [org.eclipse.swt.win32.win32.x86_64_3.105.0.v20160603-0902.jar:na]
	at org.eclipse.swt.widgets.Decorations.WM_CLOSE(Decorations.java:1728) [org.eclipse.swt.win32.win32.x86_64_3.105.0.v20160603-0902.jar:na]
	at org.eclipse.swt.widgets.Control.windowProc(Control.java:4793) [org.eclipse.swt.win32.win32.x86_64_3.105.0.v20160603-0902.jar:na]
	at org.eclipse.swt.widgets.Canvas.windowProc(Canvas.java:359) [org.eclipse.swt.win32.win32.x86_64_3.105.0.v20160603-0902.jar:na]
	at org.eclipse.swt.widgets.Decorations.windowProc(Decorations.java:1656) [org.eclipse.swt.win32.win32.x86_64_3.105.0.v20160603-0902.jar:na]
	at org.eclipse.swt.widgets.Shell.windowProc(Shell.java:2199) [org.eclipse.swt.win32.win32.x86_64_3.105.0.v20160603-0902.jar:na]
	at org.eclipse.swt.widgets.Display.windowProc(Display.java:5102) [org.eclipse.swt.win32.win32.x86_64_3.105.0.v20160603-0902.jar:na]
	at org.eclipse.swt.internal.win32.OS.DefWindowProcW(Native Method) [org.eclipse.swt.win32.win32.x86_64_3.105.0.v20160603-0902.jar:na]
	at org.eclipse.swt.internal.win32.OS.DefWindowProc(OS.java:2547) [org.eclipse.swt.win32.win32.x86_64_3.105.0.v20160603-0902.jar:na]
	at org.eclipse.swt.widgets.Shell.callWindowProc(Shell.java:506) [org.eclipse.swt.win32.win32.x86_64_3.105.0.v20160603-0902.jar:na]
	at org.eclipse.swt.widgets.Control.windowProc(Control.java:4889) [org.eclipse.swt.win32.win32.x86_64_3.105.0.v20160603-0902.jar:na]
	at org.eclipse.swt.widgets.Canvas.windowProc(Canvas.java:359) [org.eclipse.swt.win32.win32.x86_64_3.105.0.v20160603-0902.jar:na]
	at org.eclipse.swt.widgets.Decorations.windowProc(Decorations.java:1656) [org.eclipse.swt.win32.win32.x86_64_3.105.0.v20160603-0902.jar:na]
	at org.eclipse.swt.widgets.Shell.windowProc(Shell.java:2199) [org.eclipse.swt.win32.win32.x86_64_3.105.0.v20160603-0902.jar:na]
	at org.eclipse.swt.widgets.Display.windowProc(Display.java:5102) [org.eclipse.swt.win32.win32.x86_64_3.105.0.v20160603-0902.jar:na]
	at org.eclipse.swt.internal.win32.OS.DefWindowProcW(Native Method) [org.eclipse.swt.win32.win32.x86_64_3.105.0.v20160603-0902.jar:na]
	at org.eclipse.swt.internal.win32.OS.DefWindowProc(OS.java:2547) [org.eclipse.swt.win32.win32.x86_64_3.105.0.v20160603-0902.jar:na]
	at org.eclipse.swt.widgets.Shell.callWindowProc(Shell.java:506) [org.eclipse.swt.win32.win32.x86_64_3.105.0.v20160603-0902.jar:na]
	at org.eclipse.swt.widgets.Control.windowProc(Control.java:4889) [org.eclipse.swt.win32.win32.x86_64_3.105.0.v20160603-0902.jar:na]
	at org.eclipse.swt.widgets.Canvas.windowProc(Canvas.java:359) [org.eclipse.swt.win32.win32.x86_64_3.105.0.v20160603-0902.jar:na]
	at org.eclipse.swt.widgets.Decorations.windowProc(Decorations.java:1656) [org.eclipse.swt.win32.win32.x86_64_3.105.0.v20160603-0902.jar:na]
	at org.eclipse.swt.widgets.Shell.windowProc(Shell.java:2199) [org.eclipse.swt.win32.win32.x86_64_3.105.0.v20160603-0902.jar:na]
	at org.eclipse.swt.widgets.Display.windowProc(Display.java:5102) [org.eclipse.swt.win32.win32.x86_64_3.105.0.v20160603-0902.jar:na]
	at org.eclipse.swt.internal.win32.OS.DispatchMessageW(Native Method) [org.eclipse.swt.win32.win32.x86_64_3.105.0.v20160603-0902.jar:na]
	at org.eclipse.swt.internal.win32.OS.DispatchMessage(OS.java:2552) [org.eclipse.swt.win32.win32.x86_64_3.105.0.v20160603-0902.jar:na]
	at org.eclipse.swt.widgets.Display.readAndDispatch(Display.java:3814) [org.eclipse.swt.win32.win32.x86_64_3.105.0.v20160603-0902.jar:na]
	at org.eclipse.e4.ui.internal.workbench.swt.PartRenderingEngine$4.run(PartRenderingEngine.java:1121) [org.eclipse.e4.ui.workbench.swt_0.14.0.v20160523-1900.jar:na]
	at org.eclipse.core.databinding.observable.Realm.runWithDefault(Realm.java:336) [org.eclipse.core.databinding.observable_1.6.0.v20160511-1747.jar:na]
	at org.eclipse.e4.ui.internal.workbench.swt.PartRenderingEngine.run(PartRenderingEngine.java:1022) [org.eclipse.e4.ui.workbench.swt_0.14.0.v20160523-1900.jar:na]
	at org.eclipse.e4.ui.internal.workbench.E4Workbench.createAndRunUI(E4Workbench.java:150) [org.eclipse.e4.ui.workbench_1.4.0.v20160517-1624.jar:na]
	at org.eclipse.ui.internal.Workbench$5.run(Workbench.java:687) [org.eclipse.ui.workbench_3.108.0.v20160602-1232.jar:na]
	at org.eclipse.core.databinding.observable.Realm.runWithDefault(Realm.java:336) [org.eclipse.core.databinding.observable_1.6.0.v20160511-1747.jar:na]
	at org.eclipse.ui.internal.Workbench.createAndRunWorkbench(Workbench.java:604) [org.eclipse.ui.workbench_3.108.0.v20160602-1232.jar:na]
	at org.eclipse.ui.PlatformUI.createAndRunWorkbench(PlatformUI.java:148) [org.eclipse.ui.workbench_3.108.0.v20160602-1232.jar:na]
	at org.eclipse.ui.internal.ide.application.IDEApplication.start(IDEApplication.java:138) [org.eclipse.ui.ide.application_1.1.100.v20160518-1929.jar:na]
	at org.eclipse.equinox.internal.app.EclipseAppHandle.run(EclipseAppHandle.java:196) [org.eclipse.equinox.app_1.3.400.v20150715-1528.jar:na]
	at org.eclipse.core.runtime.internal.adaptor.EclipseAppLauncher.runApplication(EclipseAppLauncher.java:134) [org.eclipse.osgi_3.11.0.v20160603-1336.jar:na]
	at org.eclipse.core.runtime.internal.adaptor.EclipseAppLauncher.start(EclipseAppLauncher.java:104) [org.eclipse.osgi_3.11.0.v20160603-1336.jar:na]
	at org.eclipse.core.runtime.adaptor.EclipseStarter.run(EclipseStarter.java:388) [org.eclipse.osgi_3.11.0.v20160603-1336.jar:na]
	at org.eclipse.core.runtime.adaptor.EclipseStarter.run(EclipseStarter.java:243) [org.eclipse.osgi_3.11.0.v20160603-1336.jar:na]
	at sun.reflect.NativeMethodAccessorImpl.invoke0(Native Method) ~[na:1.8.0_91]
	at sun.reflect.NativeMethodAccessorImpl.invoke(Unknown Source) ~[na:1.8.0_91]
	at sun.reflect.DelegatingMethodAccessorImpl.invoke(Unknown Source) ~[na:1.8.0_91]
	at java.lang.reflect.Method.invoke(Unknown Source) ~[na:1.8.0_91]
	at org.eclipse.equinox.launcher.Main.invokeFramework(Main.java:673) [org.eclipse.equinox.launcher_1.3.200.v20160318-1642.jar:na]
	at org.eclipse.equinox.launcher.Main.basicRun(Main.java:610) [org.eclipse.equinox.launcher_1.3.200.v20160318-1642.jar:na]
	at org.eclipse.equinox.launcher.Main.run(Main.java:1519) [org.eclipse.equinox.launcher_1.3.200.v20160318-1642.jar:na]
	at org.eclipse.equinox.launcher.Main.main(Main.java:1492) [org.eclipse.equinox.launcher_1.3.200.v20160318-1642.jar:na]
2017-05-01 08:37:29,244 [main] ERROR o.e.m2e.editor.pom.OverviewPage - Failed to populate overview panel
java.lang.NullPointerException: null
	at org.eclipse.m2e.core.ui.internal.editing.PomEdits.performOnDOMDocument(PomEdits.java:510) ~[org.eclipse.m2e.core.ui_1.7.0.20160603-1933.jar:na]
	at org.eclipse.m2e.editor.pom.OverviewPage$17.run(OverviewPage.java:1129) ~[na:na]
	at org.eclipse.swt.widgets.RunnableLock.run(RunnableLock.java:35) [org.eclipse.swt.win32.win32.x86_64_3.105.0.v20160603-0902.jar:na]
	at org.eclipse.swt.widgets.Synchronizer.runAsyncMessages(Synchronizer.java:182) [org.eclipse.swt.win32.win32.x86_64_3.105.0.v20160603-0902.jar:na]
	at org.eclipse.swt.widgets.Display.runAsyncMessages(Display.java:4203) [org.eclipse.swt.win32.win32.x86_64_3.105.0.v20160603-0902.jar:na]
	at org.eclipse.swt.widgets.Display.readAndDispatch(Display.java:3819) [org.eclipse.swt.win32.win32.x86_64_3.105.0.v20160603-0902.jar:na]
	at org.eclipse.jface.operation.ModalContext$ModalContextThread.block(ModalContext.java:165) [org.eclipse.jface_3.12.0.v20160518-1929.jar:na]
	at org.eclipse.jface.operation.ModalContext.run(ModalContext.java:369) [org.eclipse.jface_3.12.0.v20160518-1929.jar:na]
	at org.eclipse.jface.dialogs.ProgressMonitorDialog.run(ProgressMonitorDialog.java:481) [org.eclipse.jface_3.12.0.v20160518-1929.jar:na]
	at org.eclipse.ui.internal.progress.ProgressMonitorJobsDialog.run(ProgressMonitorJobsDialog.java:242) [org.eclipse.ui.workbench_3.108.0.v20160602-1232.jar:na]
	at org.eclipse.ui.internal.ide.application.IDEWorkbenchAdvisor.disconnectFromWorkspace(IDEWorkbenchAdvisor.java:463) [org.eclipse.ui.ide.application_1.1.100.v20160518-1929.jar:na]
	at org.eclipse.ui.internal.ide.application.IDEWorkbenchAdvisor.postShutdown(IDEWorkbenchAdvisor.java:309) [org.eclipse.ui.ide.application_1.1.100.v20160518-1929.jar:na]
	at org.eclipse.ui.internal.Workbench.shutdown(Workbench.java:3111) [org.eclipse.ui.workbench_3.108.0.v20160602-1232.jar:na]
	at org.eclipse.ui.internal.Workbench.busyClose(Workbench.java:1200) [org.eclipse.ui.workbench_3.108.0.v20160602-1232.jar:na]
	at org.eclipse.ui.internal.Workbench.access$22(Workbench.java:1112) [org.eclipse.ui.workbench_3.108.0.v20160602-1232.jar:na]
	at org.eclipse.ui.internal.Workbench$19.run(Workbench.java:1453) [org.eclipse.ui.workbench_3.108.0.v20160602-1232.jar:na]
	at org.eclipse.swt.custom.BusyIndicator.showWhile(BusyIndicator.java:70) [org.eclipse.swt.win32.win32.x86_64_3.105.0.v20160603-0902.jar:na]
	at org.eclipse.ui.internal.Workbench.close(Workbench.java:1450) [org.eclipse.ui.workbench_3.108.0.v20160602-1232.jar:na]
	at org.eclipse.ui.internal.Workbench.close(Workbench.java:1423) [org.eclipse.ui.workbench_3.108.0.v20160602-1232.jar:na]
	at org.eclipse.ui.internal.WorkbenchWindow.busyClose(WorkbenchWindow.java:1594) [org.eclipse.ui.workbench_3.108.0.v20160602-1232.jar:na]
	at org.eclipse.ui.internal.WorkbenchWindow.access$16(WorkbenchWindow.java:1540) [org.eclipse.ui.workbench_3.108.0.v20160602-1232.jar:na]
	at org.eclipse.ui.internal.WorkbenchWindow$11.run(WorkbenchWindow.java:1626) [org.eclipse.ui.workbench_3.108.0.v20160602-1232.jar:na]
	at org.eclipse.swt.custom.BusyIndicator.showWhile(BusyIndicator.java:70) [org.eclipse.swt.win32.win32.x86_64_3.105.0.v20160603-0902.jar:na]
	at org.eclipse.ui.internal.WorkbenchWindow.close(WorkbenchWindow.java:1623) [org.eclipse.ui.workbench_3.108.0.v20160602-1232.jar:na]
	at org.eclipse.ui.internal.WorkbenchWindow.close(WorkbenchWindow.java:1637) [org.eclipse.ui.workbench_3.108.0.v20160602-1232.jar:na]
	at org.eclipse.ui.internal.WorkbenchWindow$6.close(WorkbenchWindow.java:524) [org.eclipse.ui.workbench_3.108.0.v20160602-1232.jar:na]
	at org.eclipse.e4.ui.workbench.renderers.swt.WBWRenderer$7.shellClosed(WBWRenderer.java:629) [org.eclipse.e4.ui.workbench.renderers.swt_0.14.0.v20160525-0940.jar:na]
	at org.eclipse.swt.widgets.TypedListener.handleEvent(TypedListener.java:99) [org.eclipse.swt.win32.win32.x86_64_3.105.0.v20160603-0902.jar:na]
	at org.eclipse.swt.widgets.EventTable.sendEvent(EventTable.java:84) [org.eclipse.swt.win32.win32.x86_64_3.105.0.v20160603-0902.jar:na]
	at org.eclipse.swt.widgets.Display.sendEvent(Display.java:4410) [org.eclipse.swt.win32.win32.x86_64_3.105.0.v20160603-0902.jar:na]
	at org.eclipse.swt.widgets.Widget.sendEvent(Widget.java:1079) [org.eclipse.swt.win32.win32.x86_64_3.105.0.v20160603-0902.jar:na]
	at org.eclipse.swt.widgets.Widget.sendEvent(Widget.java:1103) [org.eclipse.swt.win32.win32.x86_64_3.105.0.v20160603-0902.jar:na]
	at org.eclipse.swt.widgets.Widget.sendEvent(Widget.java:1088) [org.eclipse.swt.win32.win32.x86_64_3.105.0.v20160603-0902.jar:na]
	at org.eclipse.swt.widgets.Decorations.closeWidget(Decorations.java:315) [org.eclipse.swt.win32.win32.x86_64_3.105.0.v20160603-0902.jar:na]
	at org.eclipse.swt.widgets.Decorations.WM_CLOSE(Decorations.java:1728) [org.eclipse.swt.win32.win32.x86_64_3.105.0.v20160603-0902.jar:na]
	at org.eclipse.swt.widgets.Control.windowProc(Control.java:4793) [org.eclipse.swt.win32.win32.x86_64_3.105.0.v20160603-0902.jar:na]
	at org.eclipse.swt.widgets.Canvas.windowProc(Canvas.java:359) [org.eclipse.swt.win32.win32.x86_64_3.105.0.v20160603-0902.jar:na]
	at org.eclipse.swt.widgets.Decorations.windowProc(Decorations.java:1656) [org.eclipse.swt.win32.win32.x86_64_3.105.0.v20160603-0902.jar:na]
	at org.eclipse.swt.widgets.Shell.windowProc(Shell.java:2199) [org.eclipse.swt.win32.win32.x86_64_3.105.0.v20160603-0902.jar:na]
	at org.eclipse.swt.widgets.Display.windowProc(Display.java:5102) [org.eclipse.swt.win32.win32.x86_64_3.105.0.v20160603-0902.jar:na]
	at org.eclipse.swt.internal.win32.OS.DefWindowProcW(Native Method) [org.eclipse.swt.win32.win32.x86_64_3.105.0.v20160603-0902.jar:na]
	at org.eclipse.swt.internal.win32.OS.DefWindowProc(OS.java:2547) [org.eclipse.swt.win32.win32.x86_64_3.105.0.v20160603-0902.jar:na]
	at org.eclipse.swt.widgets.Shell.callWindowProc(Shell.java:506) [org.eclipse.swt.win32.win32.x86_64_3.105.0.v20160603-0902.jar:na]
	at org.eclipse.swt.widgets.Control.windowProc(Control.java:4889) [org.eclipse.swt.win32.win32.x86_64_3.105.0.v20160603-0902.jar:na]
	at org.eclipse.swt.widgets.Canvas.windowProc(Canvas.java:359) [org.eclipse.swt.win32.win32.x86_64_3.105.0.v20160603-0902.jar:na]
	at org.eclipse.swt.widgets.Decorations.windowProc(Decorations.java:1656) [org.eclipse.swt.win32.win32.x86_64_3.105.0.v20160603-0902.jar:na]
	at org.eclipse.swt.widgets.Shell.windowProc(Shell.java:2199) [org.eclipse.swt.win32.win32.x86_64_3.105.0.v20160603-0902.jar:na]
	at org.eclipse.swt.widgets.Display.windowProc(Display.java:5102) [org.eclipse.swt.win32.win32.x86_64_3.105.0.v20160603-0902.jar:na]
	at org.eclipse.swt.internal.win32.OS.DefWindowProcW(Native Method) [org.eclipse.swt.win32.win32.x86_64_3.105.0.v20160603-0902.jar:na]
	at org.eclipse.swt.internal.win32.OS.DefWindowProc(OS.java:2547) [org.eclipse.swt.win32.win32.x86_64_3.105.0.v20160603-0902.jar:na]
	at org.eclipse.swt.widgets.Shell.callWindowProc(Shell.java:506) [org.eclipse.swt.win32.win32.x86_64_3.105.0.v20160603-0902.jar:na]
	at org.eclipse.swt.widgets.Control.windowProc(Control.java:4889) [org.eclipse.swt.win32.win32.x86_64_3.105.0.v20160603-0902.jar:na]
	at org.eclipse.swt.widgets.Canvas.windowProc(Canvas.java:359) [org.eclipse.swt.win32.win32.x86_64_3.105.0.v20160603-0902.jar:na]
	at org.eclipse.swt.widgets.Decorations.windowProc(Decorations.java:1656) [org.eclipse.swt.win32.win32.x86_64_3.105.0.v20160603-0902.jar:na]
	at org.eclipse.swt.widgets.Shell.windowProc(Shell.java:2199) [org.eclipse.swt.win32.win32.x86_64_3.105.0.v20160603-0902.jar:na]
	at org.eclipse.swt.widgets.Display.windowProc(Display.java:5102) [org.eclipse.swt.win32.win32.x86_64_3.105.0.v20160603-0902.jar:na]
	at org.eclipse.swt.internal.win32.OS.DispatchMessageW(Native Method) [org.eclipse.swt.win32.win32.x86_64_3.105.0.v20160603-0902.jar:na]
	at org.eclipse.swt.internal.win32.OS.DispatchMessage(OS.java:2552) [org.eclipse.swt.win32.win32.x86_64_3.105.0.v20160603-0902.jar:na]
	at org.eclipse.swt.widgets.Display.readAndDispatch(Display.java:3814) [org.eclipse.swt.win32.win32.x86_64_3.105.0.v20160603-0902.jar:na]
	at org.eclipse.e4.ui.internal.workbench.swt.PartRenderingEngine$4.run(PartRenderingEngine.java:1121) [org.eclipse.e4.ui.workbench.swt_0.14.0.v20160523-1900.jar:na]
	at org.eclipse.core.databinding.observable.Realm.runWithDefault(Realm.java:336) [org.eclipse.core.databinding.observable_1.6.0.v20160511-1747.jar:na]
	at org.eclipse.e4.ui.internal.workbench.swt.PartRenderingEngine.run(PartRenderingEngine.java:1022) [org.eclipse.e4.ui.workbench.swt_0.14.0.v20160523-1900.jar:na]
	at org.eclipse.e4.ui.internal.workbench.E4Workbench.createAndRunUI(E4Workbench.java:150) [org.eclipse.e4.ui.workbench_1.4.0.v20160517-1624.jar:na]
	at org.eclipse.ui.internal.Workbench$5.run(Workbench.java:687) [org.eclipse.ui.workbench_3.108.0.v20160602-1232.jar:na]
	at org.eclipse.core.databinding.observable.Realm.runWithDefault(Realm.java:336) [org.eclipse.core.databinding.observable_1.6.0.v20160511-1747.jar:na]
	at org.eclipse.ui.internal.Workbench.createAndRunWorkbench(Workbench.java:604) [org.eclipse.ui.workbench_3.108.0.v20160602-1232.jar:na]
	at org.eclipse.ui.PlatformUI.createAndRunWorkbench(PlatformUI.java:148) [org.eclipse.ui.workbench_3.108.0.v20160602-1232.jar:na]
	at org.eclipse.ui.internal.ide.application.IDEApplication.start(IDEApplication.java:138) [org.eclipse.ui.ide.application_1.1.100.v20160518-1929.jar:na]
	at org.eclipse.equinox.internal.app.EclipseAppHandle.run(EclipseAppHandle.java:196) [org.eclipse.equinox.app_1.3.400.v20150715-1528.jar:na]
	at org.eclipse.core.runtime.internal.adaptor.EclipseAppLauncher.runApplication(EclipseAppLauncher.java:134) [org.eclipse.osgi_3.11.0.v20160603-1336.jar:na]
	at org.eclipse.core.runtime.internal.adaptor.EclipseAppLauncher.start(EclipseAppLauncher.java:104) [org.eclipse.osgi_3.11.0.v20160603-1336.jar:na]
	at org.eclipse.core.runtime.adaptor.EclipseStarter.run(EclipseStarter.java:388) [org.eclipse.osgi_3.11.0.v20160603-1336.jar:na]
	at org.eclipse.core.runtime.adaptor.EclipseStarter.run(EclipseStarter.java:243) [org.eclipse.osgi_3.11.0.v20160603-1336.jar:na]
	at sun.reflect.NativeMethodAccessorImpl.invoke0(Native Method) ~[na:1.8.0_91]
	at sun.reflect.NativeMethodAccessorImpl.invoke(Unknown Source) ~[na:1.8.0_91]
	at sun.reflect.DelegatingMethodAccessorImpl.invoke(Unknown Source) ~[na:1.8.0_91]
	at java.lang.reflect.Method.invoke(Unknown Source) ~[na:1.8.0_91]
	at org.eclipse.equinox.launcher.Main.invokeFramework(Main.java:673) [org.eclipse.equinox.launcher_1.3.200.v20160318-1642.jar:na]
	at org.eclipse.equinox.launcher.Main.basicRun(Main.java:610) [org.eclipse.equinox.launcher_1.3.200.v20160318-1642.jar:na]
	at org.eclipse.equinox.launcher.Main.run(Main.java:1519) [org.eclipse.equinox.launcher_1.3.200.v20160318-1642.jar:na]
	at org.eclipse.equinox.launcher.Main.main(Main.java:1492) [org.eclipse.equinox.launcher_1.3.200.v20160318-1642.jar:na]
2017-05-01 08:40:43,317 [Worker-6] WARN  o.e.m.c.i.embedder.EclipseLogger - Using platform encoding (Cp1252 actually) to copy filtered resources, i.e. build is platform dependent!
2017-05-01 08:40:43,451 [Worker-6] INFO  o.e.m.c.i.embedder.EclipseLogger - Copying 0 resource
2017-05-01 08:40:43,465 [Worker-6] WARN  o.e.m.c.i.embedder.EclipseLogger - Using platform encoding (Cp1252 actually) to copy filtered resources, i.e. build is platform dependent!
2017-05-01 08:40:43,506 [Worker-6] INFO  o.e.m.c.i.embedder.EclipseLogger - skip non existing resourceDirectory D:\Customer\CustomerBackEnd\src\test\resources
2017-05-01 08:48:15,850 [Worker-26] WARN  o.e.m.c.i.embedder.EclipseLogger - Using platform encoding (Cp1252 actually) to copy filtered resources, i.e. build is platform dependent!
2017-05-01 08:48:18,700 [Worker-26] INFO  o.e.m.c.i.embedder.EclipseLogger - Copying 0 resource
2017-05-01 08:48:18,705 [Worker-26] WARN  o.e.m.c.i.embedder.EclipseLogger - Using platform encoding (Cp1252 actually) to copy filtered resources, i.e. build is platform dependent!
2017-05-01 08:48:18,727 [Worker-26] INFO  o.e.m.c.i.embedder.EclipseLogger - skip non existing resourceDirectory D:\Customer\CustomerBackEnd\src\test\resources
2017-05-01 09:03:10,292 [Worker-32] WARN  o.e.m.c.i.embedder.EclipseLogger - Using platform encoding (Cp1252 actually) to copy filtered resources, i.e. build is platform dependent!
2017-05-01 09:03:10,320 [Worker-32] INFO  o.e.m.c.i.embedder.EclipseLogger - Copying 0 resource
2017-05-01 09:03:10,325 [Worker-32] WARN  o.e.m.c.i.embedder.EclipseLogger - Using platform encoding (Cp1252 actually) to copy filtered resources, i.e. build is platform dependent!
2017-05-01 09:03:10,366 [Worker-32] INFO  o.e.m.c.i.embedder.EclipseLogger - skip non existing resourceDirectory D:\Customer\CustomerBackEnd\src\test\resources
2017-05-01 09:03:52,445 [Worker-35] WARN  o.e.m.c.i.embedder.EclipseLogger - Using platform encoding (Cp1252 actually) to copy filtered resources, i.e. build is platform dependent!
2017-05-01 09:03:52,463 [Worker-35] INFO  o.e.m.c.i.embedder.EclipseLogger - Copying 0 resource
2017-05-01 09:03:52,469 [Worker-35] WARN  o.e.m.c.i.embedder.EclipseLogger - Using platform encoding (Cp1252 actually) to copy filtered resources, i.e. build is platform dependent!
2017-05-01 09:03:52,493 [Worker-35] INFO  o.e.m.c.i.embedder.EclipseLogger - skip non existing resourceDirectory D:\Customer\CustomerBackEnd\src\test\resources
2017-05-01 09:04:57,263 [Worker-36] WARN  o.e.m.c.i.embedder.EclipseLogger - Using platform encoding (Cp1252 actually) to copy filtered resources, i.e. build is platform dependent!
2017-05-01 09:04:57,285 [Worker-36] INFO  o.e.m.c.i.embedder.EclipseLogger - Copying 0 resource
2017-05-01 09:04:57,290 [Worker-36] WARN  o.e.m.c.i.embedder.EclipseLogger - Using platform encoding (Cp1252 actually) to copy filtered resources, i.e. build is platform dependent!
2017-05-01 09:04:57,606 [Worker-36] INFO  o.e.m.c.i.embedder.EclipseLogger - skip non existing resourceDirectory D:\Customer\CustomerBackEnd\src\test\resources
2017-05-01 11:50:15,292 [Worker-89] WARN  o.e.m.c.i.embedder.EclipseLogger - Using platform encoding (Cp1252 actually) to copy filtered resources, i.e. build is platform dependent!
2017-05-01 11:50:15,308 [Worker-89] INFO  o.e.m.c.i.embedder.EclipseLogger - Copying 0 resource
2017-05-01 11:50:15,311 [Worker-89] WARN  o.e.m.c.i.embedder.EclipseLogger - Using platform encoding (Cp1252 actually) to copy filtered resources, i.e. build is platform dependent!
2017-05-01 11:50:15,376 [Worker-89] INFO  o.e.m.c.i.embedder.EclipseLogger - skip non existing resourceDirectory D:\Customer\CustomerBackEnd\src\test\resources
2017-05-01 11:51:59,890 [Worker-88] WARN  o.e.m.c.i.embedder.EclipseLogger - Using platform encoding (Cp1252 actually) to copy filtered resources, i.e. build is platform dependent!
2017-05-01 11:51:59,909 [Worker-88] INFO  o.e.m.c.i.embedder.EclipseLogger - Copying 0 resource
2017-05-01 11:51:59,914 [Worker-88] WARN  o.e.m.c.i.embedder.EclipseLogger - Using platform encoding (Cp1252 actually) to copy filtered resources, i.e. build is platform dependent!
2017-05-01 11:51:59,934 [Worker-88] INFO  o.e.m.c.i.embedder.EclipseLogger - skip non existing resourceDirectory D:\Customer\CustomerBackEnd\src\test\resources
2017-05-01 11:52:22,176 [Worker-91] WARN  o.e.m.c.i.embedder.EclipseLogger - Using platform encoding (Cp1252 actually) to copy filtered resources, i.e. build is platform dependent!
2017-05-01 11:52:22,192 [Worker-91] INFO  o.e.m.c.i.embedder.EclipseLogger - Copying 0 resource
2017-05-01 11:52:22,197 [Worker-91] WARN  o.e.m.c.i.embedder.EclipseLogger - Using platform encoding (Cp1252 actually) to copy filtered resources, i.e. build is platform dependent!
2017-05-01 11:52:22,222 [Worker-91] INFO  o.e.m.c.i.embedder.EclipseLogger - skip non existing resourceDirectory D:\Customer\CustomerBackEnd\src\test\resources
2017-05-01 11:54:15,225 [Worker-91] WARN  o.e.m.c.i.embedder.EclipseLogger - Using platform encoding (Cp1252 actually) to copy filtered resources, i.e. build is platform dependent!
2017-05-01 11:54:15,359 [Worker-91] INFO  o.e.m.c.i.embedder.EclipseLogger - Copying 0 resource
2017-05-01 11:54:15,364 [Worker-91] WARN  o.e.m.c.i.embedder.EclipseLogger - Using platform encoding (Cp1252 actually) to copy filtered resources, i.e. build is platform dependent!
2017-05-01 11:54:15,376 [Worker-91] INFO  o.e.m.c.i.embedder.EclipseLogger - skip non existing resourceDirectory D:\Customer\CustomerBackEnd\src\test\resources
2017-05-01 17:57:14,122 [Worker-4] WARN  o.e.m.c.i.embedder.EclipseLogger - Using platform encoding (Cp1252 actually) to copy filtered resources, i.e. build is platform dependent!
2017-05-01 17:57:14,225 [Worker-4] INFO  o.e.m.c.i.embedder.EclipseLogger - Copying 0 resource
2017-05-01 17:57:14,245 [Worker-4] WARN  o.e.m.c.i.embedder.EclipseLogger - Using platform encoding (Cp1252 actually) to copy filtered resources, i.e. build is platform dependent!
2017-05-01 17:57:14,269 [Worker-4] INFO  o.e.m.c.i.embedder.EclipseLogger - skip non existing resourceDirectory D:\Customer\CustomerBackEnd\src\test\resources
